TN:
SF:lib/api-integration.ts
FN:17,(anonymous_0)
FNF:1
FNH:0
FNDA:0,(anonymous_0)
DA:16,0
DA:17,0
DA:18,0
DA:19,0
DA:20,0
DA:22,0
LF:6
LH:0
BRDA:16,0,0,0
BRF:1
BRH:0
end_of_record
TN:
SF:lib/api-types.ts
FN:196,(anonymous_0)
FNF:1
FNH:1
FNDA:11,(anonymous_0)
DA:195,3
DA:197,11
DA:198,11
DA:199,11
DA:201,11
DA:202,11
LF:6
LH:6
BRF:0
BRH:0
end_of_record
TN:
SF:lib/bus.ts
FN:70,(anonymous_0)
FN:89,(anonymous_1)
FN:97,(anonymous_2)
FN:105,(anonymous_3)
FN:123,(anonymous_4)
FN:128,(anonymous_5)
FN:136,(anonymous_6)
FN:137,(anonymous_7)
FN:142,(anonymous_8)
FN:147,(anonymous_9)
FN:154,(anonymous_10)
FN:172,(anonymous_11)
FN:174,(anonymous_12)
FN:175,(anonymous_13)
FN:182,(anonymous_14)
FN:200,(anonymous_15)
FN:205,(anonymous_16)
FN:216,(anonymous_17)
FN:220,(anonymous_18)
FN:224,(anonymous_19)
FN:228,(anonymous_20)
FN:234,(anonymous_21)
FN:238,(anonymous_22)
FN:250,(anonymous_23)
FN:254,(anonymous_24)
FN:255,(anonymous_25)
FN:266,(anonymous_26)
FN:275,(anonymous_27)
FNF:28
FNH:3
FNDA:2,(anonymous_0)
FNDA:0,(anonymous_1)
FNDA:0,(anonymous_2)
FNDA:0,(anonymous_3)
FNDA:0,(anonymous_4)
FNDA:0,(anonymous_5)
FNDA:0,(anonymous_6)
FNDA:0,(anonymous_7)
FNDA:0,(anonymous_8)
FNDA:0,(anonymous_9)
FNDA:0,(anonymous_10)
FNDA:1,(anonymous_11)
FNDA:0,(anonymous_12)
FNDA:0,(anonymous_13)
FNDA:0,(anonymous_14)
FNDA:0,(anonymous_15)
FNDA:0,(anonymous_16)
FNDA:0,(anonymous_17)
FNDA:0,(anonymous_18)
FNDA:0,(anonymous_19)
FNDA:0,(anonymous_20)
FNDA:0,(anonymous_21)
FNDA:0,(anonymous_22)
FNDA:1,(anonymous_23)
FNDA:0,(anonymous_24)
FNDA:0,(anonymous_25)
FNDA:0,(anonymous_26)
FNDA:0,(anonymous_27)
DA:6,1
DA:75,2
DA:82,2
DA:83,0
DA:86,2
DA:94,0
DA:102,0
DA:109,0
DA:114,1
DA:117,1
DA:118,1
DA:119,1
DA:120,1
DA:123,1
DA:128,0
DA:129,0
DA:130,0
DA:136,0
DA:137,0
DA:138,0
DA:142,1
DA:147,0
DA:148,0
DA:149,0
DA:154,0
DA:155,0
DA:170,1
DA:174,1
DA:175,0
DA:176,0
DA:177,0
DA:183,0
DA:192,0
DA:195,0
DA:196,0
DA:203,0
DA:204,0
DA:205,0
DA:206,0
DA:207,0
DA:208,0
DA:209,0
DA:212,0
DA:217,0
DA:219,0
DA:220,0
DA:223,0
DA:224,0
DA:227,0
DA:228,0
DA:231,0
DA:235,0
DA:239,0
DA:244,1
DA:247,1
DA:251,1
DA:254,1
DA:255,0
DA:256,0
DA:257,0
DA:266,1
DA:267,0
DA:269,0
DA:270,0
DA:276,0
DA:281,1
DA:282,1
DA:283,1
DA:286,1
LF:69
LH:22
BRDA:77,0,0,2
BRDA:77,0,1,2
BRDA:78,1,0,2
BRDA:78,1,1,2
BRDA:82,2,0,0
BRDA:82,3,0,2
BRDA:82,3,1,2
BRDA:129,4,0,0
BRDA:148,5,0,0
BRDA:186,6,0,0
BRDA:186,6,1,0
BRDA:195,7,0,0
BRDA:195,8,0,0
BRDA:195,8,1,0
BRDA:219,9,0,0
BRDA:223,10,0,0
BRDA:227,11,0,0
BRDA:269,12,0,0
BRDA:282,13,0,1
BRF:19
BRH:7
end_of_record
TN:
SF:lib/friedman-apis.ts
FN:28,getRulesets
FN:71,getRuleset
FN:73,(anonymous_2)
FN:86,checkRuleCompliance
FN:102,getMacroRefs
FN:121,compareLTSToOfficial
FN:155,getContractTemplates
FN:187,createContract
FN:192,(anonymous_8)
FN:226,simulateBrackets
FN:246,(anonymous_10)
FN:276,quoteRails
FN:309,(anonymous_12)
FN:319,executePayment
FN:345,registerButler
FN:353,(anonymous_15)
FN:365,getRegisteredButlers
FN:388,switchButler
FN:392,(anonymous_18)
FN:397,(anonymous_19)
FNF:20
FNH:20
FNDA:3,getRulesets
FNDA:2,getRuleset
FNDA:3,(anonymous_2)
FNDA:1,checkRuleCompliance
FNDA:2,getMacroRefs
FNDA:1,compareLTSToOfficial
FNDA:3,getContractTemplates
FNDA:2,createContract
FNDA:3,(anonymous_8)
FNDA:2,simulateBrackets
FNDA:8,(anonymous_10)
FNDA:3,quoteRails
FNDA:10,(anonymous_12)
FNDA:1,executePayment
FNDA:2,registerButler
FNDA:2,(anonymous_15)
FNDA:4,getRegisteredButlers
FNDA:2,switchButler
FNDA:3,(anonymous_18)
FNDA:1,(anonymous_19)
DA:6,1
DA:28,1
DA:29,3
DA:31,3
DA:62,0
DA:71,1
DA:72,2
DA:73,3
DA:75,2
DA:76,1
DA:79,1
DA:86,1
DA:88,1
DA:102,1
DA:103,2
DA:105,2
DA:112,0
DA:121,1
DA:127,1
DA:128,1
DA:130,1
DA:131,1
DA:132,1
DA:133,0
DA:134,0
DA:136,0
DA:139,1
DA:155,1
DA:156,3
DA:187,1
DA:191,2
DA:192,3
DA:194,2
DA:195,1
DA:198,1
DA:201,1
DA:206,1
DA:213,1
DA:226,1
DA:228,2
DA:236,2
DA:237,2
DA:238,8
DA:239,3
DA:240,3
DA:241,3
DA:246,8
DA:251,2
DA:252,2
DA:253,8
DA:254,3
DA:255,3
DA:257,3
DA:261,2
DA:263,2
DA:276,1
DA:278,3
DA:300,3
DA:301,1
DA:309,10
DA:319,1
DA:325,1
DA:326,1
DA:328,1
DA:345,1
DA:347,2
DA:348,1
DA:352,1
DA:353,2
DA:354,0
DA:358,1
DA:365,1
DA:367,4
DA:388,1
DA:389,2
DA:391,2
DA:392,3
DA:393,1
DA:397,1
DA:399,0
LF:80
LH:73
BRDA:75,0,0,1
BRDA:131,1,0,1
BRDA:131,1,1,0
BRDA:133,2,0,0
BRDA:133,2,1,0
BRDA:194,3,0,1
BRDA:203,4,0,1
BRDA:203,4,1,0
BRDA:204,5,0,1
BRDA:204,5,1,0
BRDA:238,6,0,3
BRDA:240,7,0,3
BRDA:240,7,1,0
BRDA:253,8,0,3
BRDA:255,9,0,3
BRDA:255,9,1,0
BRDA:300,10,0,1
BRDA:347,11,0,1
BRDA:347,12,0,2
BRDA:347,12,1,1
BRDA:347,12,2,1
BRDA:353,13,0,0
BRDA:392,14,0,1
BRF:23
BRH:15
end_of_record
TN:
SF:lib/hayek-apis.ts
FN:27,listIndexProviders
FN:71,setDefaultIndex
FN:73,(anonymous_2)
FN:90,getCurrentIndexProvider
FN:94,(anonymous_4)
FN:103,calculateWithProvider
FN:107,(anonymous_6)
FN:152,installButler
FN:184,activateButler
FN:186,(anonymous_9)
FN:204,getInstalledButlers
FN:213,uninstallButler
FN:215,(anonymous_12)
FN:234,auditRailSelection
FN:238,(anonymous_14)
FN:242,(anonymous_15)
FN:262,generateFairnessReport
FN:291,computeLocalIndex
FN:295,(anonymous_18)
FN:299,(anonymous_19)
FN:301,(anonymous_20)
FN:302,(anonymous_21)
FN:327,shareWithCohort
FN:364,fileAppeal
FN:386,getAppealStatus
FN:388,(anonymous_25)
FN:401,getUserAppeals
FN:414,registerClearinghouse
FN:421,(anonymous_28)
FN:434,chooseClearinghouse
FN:436,(anonymous_30)
FN:451,getClearinghouses
FN:488,exportAll
FN:514,importBundle
FN:523,(anonymous_34)
FN:525,(anonymous_35)
FN:555,calculateLocalLTS
FN:559,(anonymous_37)
FN:560,(anonymous_38)
FN:566,calculateCohortLTS
FNF:40
FNH:34
FNDA:7,listIndexProviders
FNDA:3,setDefaultIndex
FNDA:11,(anonymous_2)
FNDA:2,getCurrentIndexProvider
FNDA:4,(anonymous_4)
FNDA:1,calculateWithProvider
FNDA:1,(anonymous_6)
FNDA:4,installButler
FNDA:2,activateButler
FNDA:1,(anonymous_9)
FNDA:2,getInstalledButlers
FNDA:1,uninstallButler
FNDA:1,(anonymous_12)
FNDA:3,auditRailSelection
FNDA:6,(anonymous_14)
FNDA:7,(anonymous_15)
FNDA:1,generateFairnessReport
FNDA:2,computeLocalIndex
FNDA:2,(anonymous_18)
FNDA:0,(anonymous_19)
FNDA:0,(anonymous_20)
FNDA:0,(anonymous_21)
FNDA:0,shareWithCohort
FNDA:4,fileAppeal
FNDA:2,getAppealStatus
FNDA:1,(anonymous_25)
FNDA:1,getUserAppeals
FNDA:3,registerClearinghouse
FNDA:0,(anonymous_28)
FNDA:1,chooseClearinghouse
FNDA:1,(anonymous_30)
FNDA:2,getClearinghouses
FNDA:1,exportAll
FNDA:1,importBundle
FNDA:5,(anonymous_34)
FNDA:2,(anonymous_35)
FNDA:1,calculateLocalLTS
FNDA:2,(anonymous_37)
FNDA:2,(anonymous_38)
FNDA:0,calculateCohortLTS
DA:6,1
DA:27,1
DA:28,7
DA:71,1
DA:72,3
DA:73,11
DA:74,1
DA:78,2
DA:81,2
DA:90,1
DA:91,2
DA:92,2
DA:94,4
DA:103,1
DA:107,1
DA:108,1
DA:109,0
DA:113,1
DA:114,1
DA:116,1
DA:118,1
DA:119,1
DA:120,1
DA:122,0
DA:123,0
DA:124,0
DA:126,0
DA:127,0
DA:128,0
DA:130,0
DA:131,0
DA:132,0
DA:135,1
DA:152,1
DA:153,4
DA:155,4
DA:169,4
DA:170,4
DA:171,4
DA:173,4
DA:175,0
DA:184,1
DA:185,2
DA:186,2
DA:188,2
DA:189,1
DA:192,1
DA:195,1
DA:204,1
DA:205,2
DA:213,1
DA:214,1
DA:215,1
DA:216,1
DA:219,1
DA:220,0
DA:234,1
DA:238,3
DA:239,6
DA:242,7
DA:243,3
DA:244,1
DA:248,2
DA:249,2
DA:251,2
DA:262,1
DA:269,1
DA:291,1
DA:292,2
DA:295,2
DA:298,0
DA:299,0
DA:301,0
DA:302,0
DA:303,0
DA:305,0
DA:313,0
DA:314,0
DA:315,0
DA:318,0
DA:327,1
DA:332,0
DA:333,0
DA:337,0
DA:345,0
DA:347,0
DA:364,1
DA:365,4
DA:374,4
DA:375,4
DA:376,4
DA:378,4
DA:386,1
DA:387,2
DA:388,2
DA:390,2
DA:391,1
DA:394,1
DA:401,1
DA:402,1
DA:414,1
DA:415,3
DA:416,1
DA:420,2
DA:421,2
DA:422,0
DA:425,2
DA:426,2
DA:434,1
DA:435,1
DA:436,1
DA:437,0
DA:440,1
DA:442,1
DA:451,1
DA:452,2
DA:455,2
DA:456,1
DA:473,1
DA:474,1
DA:477,1
DA:488,1
DA:489,1
DA:506,1
DA:514,1
DA:519,1
DA:521,1
DA:523,1
DA:524,5
DA:525,1
DA:526,2
DA:527,2
DA:531,4
DA:532,4
DA:536,1
DA:547,0
DA:557,1
DA:559,2
DA:560,2
DA:563,1
DA:568,0
DA:569,0
DA:571,0
LF:143
LH:110
BRDA:73,0,0,1
BRDA:91,1,0,2
BRDA:91,1,1,1
BRDA:94,2,0,2
BRDA:94,2,1,0
BRDA:108,3,0,0
BRDA:116,4,0,1
BRDA:116,4,1,0
BRDA:116,4,2,0
BRDA:116,4,3,0
BRDA:169,5,0,4
BRDA:169,5,1,4
BRDA:185,6,0,2
BRDA:185,6,1,1
BRDA:188,7,0,1
BRDA:205,8,0,2
BRDA:205,8,1,0
BRDA:214,9,0,1
BRDA:214,9,1,0
BRDA:219,10,0,0
BRDA:239,11,0,0
BRDA:239,11,1,6
BRDA:243,12,0,1
BRDA:299,13,0,0
BRDA:299,13,1,0
BRDA:314,14,0,0
BRDA:332,15,0,0
BRDA:374,16,0,4
BRDA:374,16,1,3
BRDA:387,17,0,2
BRDA:387,17,1,1
BRDA:390,18,0,1
BRDA:402,19,0,1
BRDA:402,19,1,0
BRDA:415,20,0,1
BRDA:415,21,0,3
BRDA:415,21,1,2
BRDA:415,21,2,2
BRDA:420,22,0,2
BRDA:420,22,1,2
BRDA:421,23,0,0
BRDA:435,24,0,1
BRDA:435,24,1,0
BRDA:436,25,0,0
BRDA:452,26,0,2
BRDA:452,26,1,1
BRDA:455,27,0,1
BRDA:493,28,0,1
BRDA:493,28,1,0
BRDA:494,29,0,1
BRDA:494,29,1,0
BRDA:495,30,0,1
BRDA:495,30,1,1
BRDA:496,31,0,1
BRDA:496,31,1,1
BRDA:501,32,0,1
BRDA:501,32,1,1
BRDA:524,33,0,1
BRDA:524,33,1,4
BRDA:526,34,0,2
BRDA:528,35,0,2
BRDA:528,35,1,0
BRDA:531,36,0,4
BRDA:557,37,0,0
BRDA:557,38,0,1
BRDA:557,38,1,1
BRDA:559,39,0,2
BRDA:559,39,1,0
BRF:68
BRH:46
end_of_record
TN:
SF:lib/integration.ts
FN:22,(anonymous_0)
FNF:1
FNH:0
FNDA:0,(anonymous_0)
DA:22,0
DA:23,0
DA:24,0
DA:28,0
DA:29,0
DA:31,0
DA:35,0
DA:36,0
DA:37,0
DA:38,0
LF:10
LH:0
BRDA:28,0,0,0
BRDA:28,0,1,0
BRF:2
BRH:0
end_of_record
TN:
SF:lib/shipping-apis.ts
FN:24,getRulers
FN:62,switchRuler
FN:64,(anonymous_2)
FN:99,(anonymous_3)
FN:104,(anonymous_4)
FN:105,(anonymous_5)
FN:108,(anonymous_6)
FN:109,(anonymous_7)
FN:114,(anonymous_8)
FN:126,(anonymous_9)
FN:129,(anonymous_10)
FN:138,(anonymous_11)
FN:139,(anonymous_12)
FN:143,(anonymous_13)
FN:146,(anonymous_14)
FN:151,(anonymous_15)
FN:152,(anonymous_16)
FN:156,(anonymous_17)
FN:193,createHamburgerBasket
FN:214,publishBasket
FN:216,(anonymous_20)
FN:235,calculateHamburgerInflation
FN:242,(anonymous_22)
FN:248,(anonymous_23)
FN:249,(anonymous_24)
FN:256,getStoredBaskets
FN:276,calculateMoneyVeil
FN:311,generateWeeklyDigest
FN:363,createSmartContract
FN:410,generatePDFReceipt
FN:454,createCohortAuction
FN:481,joinCohortAuction
FN:488,(anonymous_32)
FN:549,createStormProfile
FN:566,activateStormMode
FN:573,(anonymous_35)
FN:582,(anonymous_36)
FN:613,calculateLocalLTS
FN:618,calculateCohortLTS
FNF:39
FNH:28
FNDA:3,getRulers
FNDA:2,switchRuler
FNDA:6,(anonymous_2)
FNDA:1,(anonymous_3)
FNDA:1,(anonymous_4)
FNDA:1,(anonymous_5)
FNDA:0,(anonymous_6)
FNDA:0,(anonymous_7)
FNDA:0,(anonymous_8)
FNDA:1,(anonymous_9)
FNDA:0,(anonymous_10)
FNDA:0,(anonymous_11)
FNDA:0,(anonymous_12)
FNDA:0,(anonymous_13)
FNDA:0,(anonymous_14)
FNDA:0,(anonymous_15)
FNDA:0,(anonymous_16)
FNDA:0,(anonymous_17)
FNDA:3,createHamburgerBasket
FNDA:1,publishBasket
FNDA:1,(anonymous_20)
FNDA:1,calculateHamburgerInflation
FNDA:1,(anonymous_22)
FNDA:1,(anonymous_23)
FNDA:1,(anonymous_24)
FNDA:5,getStoredBaskets
FNDA:1,calculateMoneyVeil
FNDA:1,generateWeeklyDigest
FNDA:2,createSmartContract
FNDA:2,generatePDFReceipt
FNDA:3,createCohortAuction
FNDA:2,joinCohortAuction
FNDA:2,(anonymous_32)
FNDA:2,createStormProfile
FNDA:2,activateStormMode
FNDA:1,(anonymous_35)
FNDA:1,(anonymous_36)
FNDA:4,calculateLocalLTS
FNDA:3,calculateCohortLTS
DA:6,1
DA:7,1
DA:24,1
DA:25,3
DA:27,3
DA:62,1
DA:63,2
DA:64,6
DA:66,2
DA:67,1
DA:70,1
DA:72,1
DA:79,1
DA:100,1
DA:101,1
DA:102,1
DA:105,1
DA:106,1
DA:108,1
DA:109,1
DA:110,0
DA:111,0
DA:114,1
DA:115,0
DA:117,0
DA:118,0
DA:119,0
DA:120,0
DA:127,1
DA:129,0
DA:130,0
DA:131,0
DA:133,0
DA:138,0
DA:139,0
DA:144,0
DA:146,0
DA:147,0
DA:148,0
DA:150,0
DA:151,0
DA:152,0
DA:157,0
DA:158,0
DA:166,1
DA:193,1
DA:194,3
DA:204,3
DA:205,3
DA:206,3
DA:208,3
DA:214,1
DA:215,1
DA:216,1
DA:218,1
DA:219,0
DA:222,1
DA:223,1
DA:226,1
DA:229,1
DA:235,1
DA:241,1
DA:242,1
DA:244,1
DA:245,0
DA:248,1
DA:249,1
DA:250,1
DA:251,1
DA:253,1
DA:257,5
DA:276,1
DA:283,1
DA:284,1
DA:285,1
DA:288,1
DA:291,1
DA:292,1
DA:293,1
DA:296,1
DA:298,1
DA:311,1
DA:317,1
DA:318,1
DA:320,1
DA:363,1
DA:369,2
DA:375,2
DA:390,2
DA:391,2
DA:394,2
DA:395,2
DA:396,2
DA:398,2
DA:412,2
DA:433,2
DA:454,1
DA:459,3
DA:471,3
DA:472,3
DA:473,3
DA:475,3
DA:481,1
DA:487,2
DA:488,2
DA:490,2
DA:491,0
DA:494,2
DA:495,0
DA:499,2
DA:500,2
DA:501,2
DA:503,2
DA:505,0
DA:513,2
DA:514,2
DA:517,2
DA:519,2
DA:549,1
DA:550,2
DA:556,2
DA:557,2
DA:558,2
DA:560,2
DA:566,1
DA:572,2
DA:573,2
DA:575,2
DA:576,1
DA:579,1
DA:582,1
DA:583,1
DA:587,1
DA:588,1
DA:591,1
DA:592,1
DA:593,1
DA:596,1
DA:602,1
DA:615,4
DA:620,3
LF:141
LH:114
BRDA:66,0,0,1
BRDA:117,1,0,0
BRDA:127,2,0,1
BRDA:135,3,0,0
BRDA:135,3,1,0
BRDA:144,4,0,0
BRDA:218,5,0,0
BRDA:244,6,0,0
BRDA:257,7,0,5
BRDA:257,7,1,3
BRDA:381,8,0,2
BRDA:381,8,1,0
BRDA:382,9,0,2
BRDA:382,9,1,1
BRDA:394,10,0,2
BRDA:394,10,1,2
BRDA:425,11,0,1
BRDA:425,11,1,1
BRDA:456,12,0,3
BRDA:471,13,0,3
BRDA:471,13,1,3
BRDA:487,14,0,2
BRDA:487,14,1,0
BRDA:490,15,0,0
BRDA:494,16,0,0
BRDA:503,17,0,0
BRDA:556,18,0,2
BRDA:556,18,1,2
BRDA:572,19,0,2
BRDA:572,19,1,1
BRDA:575,20,0,1
BRDA:583,21,0,0
BRDA:583,21,1,1
BRF:33
BRH:21
end_of_record
TN:
SF:lib/shipping-integration.ts
FN:22,initializeShippingFeatures
FN:52,showNotification
FN:56,showStormModeAlert
FN:60,updateStormModeStatus
FNF:4
FNH:0
FNDA:0,initializeShippingFeatures
FNDA:0,showNotification
FNDA:0,showStormModeAlert
FNDA:0,updateStormModeStatus
DA:23,0
DA:25,0
DA:27,0
DA:30,0
DA:31,0
DA:32,0
DA:33,0
DA:34,0
DA:35,0
DA:38,0
DA:40,0
DA:42,0
DA:43,0
DA:53,0
DA:57,0
DA:61,0
DA:62,0
DA:63,0
DA:64,0
DA:73,0
DA:74,0
DA:75,0
DA:77,0
LF:23
LH:0
BRDA:52,0,0,0
BRDA:53,1,0,0
BRDA:53,1,1,0
BRDA:62,2,0,0
BRDA:73,3,0,0
BRDA:74,4,0,0
BRDA:74,4,1,0
BRF:7
BRH:0
end_of_record
TN:
SF:lib/studio.ts
FN:48,(anonymous_0)
FN:58,(anonymous_1)
FN:60,(anonymous_2)
FN:61,(anonymous_3)
FN:63,(anonymous_4)
FN:64,(anonymous_5)
FN:65,(anonymous_6)
FN:69,(anonymous_7)
FN:74,(anonymous_8)
FN:75,(anonymous_9)
FN:79,(anonymous_10)
FN:81,(anonymous_11)
FN:82,(anonymous_12)
FN:87,(anonymous_13)
FN:88,(anonymous_14)
FN:89,(anonymous_15)
FN:91,(anonymous_16)
FN:94,(anonymous_17)
FN:197,(anonymous_18)
FN:203,(anonymous_19)
FN:217,(anonymous_20)
FN:223,(anonymous_21)
FN:233,(anonymous_22)
FN:241,(anonymous_23)
FN:266,(anonymous_24)
FN:271,(anonymous_25)
FN:282,(anonymous_26)
FN:287,(anonymous_27)
FN:288,(anonymous_28)
FN:293,(anonymous_29)
FN:331,(anonymous_30)
FN:382,(anonymous_31)
FN:395,(anonymous_32)
FN:399,(anonymous_33)
FN:407,(anonymous_34)
FN:415,(anonymous_35)
FN:420,(anonymous_36)
FN:426,(anonymous_37)
FN:434,(anonymous_38)
FN:437,(anonymous_39)
FN:442,(anonymous_40)
FN:445,(anonymous_41)
FN:450,(anonymous_42)
FN:457,(anonymous_43)
FN:462,(anonymous_44)
FN:479,(anonymous_45)
FN:484,(anonymous_46)
FN:488,(anonymous_47)
FN:492,(anonymous_48)
FN:499,(anonymous_49)
FNF:50
FNH:0
FNDA:0,(anonymous_0)
FNDA:0,(anonymous_1)
FNDA:0,(anonymous_2)
FNDA:0,(anonymous_3)
FNDA:0,(anonymous_4)
FNDA:0,(anonymous_5)
FNDA:0,(anonymous_6)
FNDA:0,(anonymous_7)
FNDA:0,(anonymous_8)
FNDA:0,(anonymous_9)
FNDA:0,(anonymous_10)
FNDA:0,(anonymous_11)
FNDA:0,(anonymous_12)
FNDA:0,(anonymous_13)
FNDA:0,(anonymous_14)
FNDA:0,(anonymous_15)
FNDA:0,(anonymous_16)
FNDA:0,(anonymous_17)
FNDA:0,(anonymous_18)
FNDA:0,(anonymous_19)
FNDA:0,(anonymous_20)
FNDA:0,(anonymous_21)
FNDA:0,(anonymous_22)
FNDA:0,(anonymous_23)
FNDA:0,(anonymous_24)
FNDA:0,(anonymous_25)
FNDA:0,(anonymous_26)
FNDA:0,(anonymous_27)
FNDA:0,(anonymous_28)
FNDA:0,(anonymous_29)
FNDA:0,(anonymous_30)
FNDA:0,(anonymous_31)
FNDA:0,(anonymous_32)
FNDA:0,(anonymous_33)
FNDA:0,(anonymous_34)
FNDA:0,(anonymous_35)
FNDA:0,(anonymous_36)
FNDA:0,(anonymous_37)
FNDA:0,(anonymous_38)
FNDA:0,(anonymous_39)
FNDA:0,(anonymous_40)
FNDA:0,(anonymous_41)
FNDA:0,(anonymous_42)
FNDA:0,(anonymous_43)
FNDA:0,(anonymous_44)
FNDA:0,(anonymous_45)
FNDA:0,(anonymous_46)
FNDA:0,(anonymous_47)
FNDA:0,(anonymous_48)
FNDA:0,(anonymous_49)
DA:33,0
DA:43,0
DA:44,0
DA:45,0
DA:46,0
DA:49,0
DA:50,0
DA:51,0
DA:54,0
DA:55,0
DA:60,0
DA:61,0
DA:63,0
DA:64,0
DA:65,0
DA:66,0
DA:67,0
DA:69,0
DA:70,0
DA:71,0
DA:74,0
DA:75,0
DA:76,0
DA:77,0
DA:79,0
DA:81,0
DA:82,0
DA:83,0
DA:84,0
DA:87,0
DA:88,0
DA:89,0
DA:91,0
DA:95,0
DA:96,0
DA:97,0
DA:98,0
DA:99,0
DA:100,0
DA:101,0
DA:104,0
DA:105,0
DA:192,0
DA:194,0
DA:198,0
DA:199,0
DA:200,0
DA:205,0
DA:208,0
DA:217,0
DA:223,0
DA:230,0
DA:233,0
DA:241,0
DA:242,0
DA:243,0
DA:250,0
DA:257,0
DA:267,0
DA:270,0
DA:271,0
DA:272,0
DA:273,0
DA:278,0
DA:279,0
DA:282,0
DA:283,0
DA:287,0
DA:288,0
DA:289,0
DA:294,0
DA:295,0
DA:296,0
DA:299,0
DA:300,0
DA:301,0
DA:302,0
DA:303,0
DA:304,0
DA:305,0
DA:308,0
DA:309,0
DA:310,0
DA:311,0
DA:312,0
DA:313,0
DA:314,0
DA:315,0
DA:316,0
DA:318,0
DA:319,0
DA:320,0
DA:322,0
DA:323,0
DA:324,0
DA:327,0
DA:328,0
DA:332,0
DA:333,0
DA:334,0
DA:335,0
DA:337,0
DA:338,0
DA:341,0
DA:342,0
DA:343,0
DA:344,0
DA:345,0
DA:346,0
DA:347,0
DA:348,0
DA:349,0
DA:352,0
DA:353,0
DA:354,0
DA:355,0
DA:356,0
DA:357,0
DA:358,0
DA:360,0
DA:361,0
DA:362,0
DA:363,0
DA:364,0
DA:367,0
DA:368,0
DA:369,0
DA:370,0
DA:371,0
DA:374,0
DA:375,0
DA:376,0
DA:377,0
DA:378,0
DA:379,0
DA:382,0
DA:383,0
DA:386,0
DA:387,0
DA:388,0
DA:389,0
DA:390,0
DA:392,0
DA:396,0
DA:400,0
DA:401,0
DA:402,0
DA:403,0
DA:408,0
DA:409,0
DA:410,0
DA:411,0
DA:416,0
DA:417,0
DA:418,0
DA:419,0
DA:420,0
DA:421,0
DA:427,0
DA:428,0
DA:429,0
DA:430,0
DA:436,0
DA:437,0
DA:438,0
DA:444,0
DA:445,0
DA:446,0
DA:452,0
DA:453,0
DA:454,0
DA:457,0
DA:458,0
DA:464,0
DA:472,0
DA:476,0
DA:481,0
DA:482,0
DA:484,0
DA:485,0
DA:488,0
DA:489,0
DA:492,0
DA:493,0
DA:499,0
DA:500,0
LF:186
LH:0
BRDA:50,0,0,0
BRDA:233,1,0,0
BRDA:233,1,1,0
BRDA:235,2,0,0
BRDA:235,2,1,0
BRDA:236,3,0,0
BRDA:236,3,1,0
BRDA:237,4,0,0
BRDA:237,4,1,0
BRDA:238,5,0,0
BRDA:238,5,1,0
BRDA:241,6,0,0
BRDA:241,6,1,0
BRDA:242,7,0,0
BRDA:242,7,1,0
BRDA:243,8,0,0
BRDA:243,8,1,0
BRDA:251,9,0,0
BRDA:251,9,1,0
BRDA:252,10,0,0
BRDA:252,10,1,0
BRDA:260,11,0,0
BRDA:260,11,1,0
BRDA:261,12,0,0
BRDA:261,12,1,0
BRDA:267,13,0,0
BRDA:267,14,0,0
BRDA:267,14,1,0
BRDA:272,15,0,0
BRDA:272,16,0,0
BRDA:272,16,1,0
BRDA:308,17,0,0
BRDA:324,18,0,0
BRDA:324,18,1,0
BRDA:338,19,0,0
BRDA:338,19,1,0
BRDA:396,20,0,0
BRDA:396,20,1,0
BRDA:399,21,0,0
BRDA:401,22,0,0
BRDA:409,23,0,0
BRDA:418,24,0,0
BRDA:428,25,0,0
BRDA:430,26,0,0
BRDA:430,26,1,0
BRDA:453,27,0,0
BRF:46
BRH:0
end_of_record
TN:
SF:lib/timer.ts
FN:25,(anonymous_0)
FN:29,(anonymous_1)
FN:42,(anonymous_2)
FN:47,(anonymous_3)
FN:79,(anonymous_4)
FN:104,(anonymous_5)
FN:130,(anonymous_6)
FN:153,(anonymous_7)
FN:163,(anonymous_8)
FN:173,(anonymous_9)
FN:183,(anonymous_10)
FN:184,(anonymous_11)
FN:187,(anonymous_12)
FN:198,(anonymous_13)
FN:199,(anonymous_14)
FN:210,(anonymous_15)
FN:211,(anonymous_16)
FN:212,(anonymous_17)
FN:213,(anonymous_18)
FNF:19
FNH:0
FNDA:0,(anonymous_0)
FNDA:0,(anonymous_1)
FNDA:0,(anonymous_2)
FNDA:0,(anonymous_3)
FNDA:0,(anonymous_4)
FNDA:0,(anonymous_5)
FNDA:0,(anonymous_6)
FNDA:0,(anonymous_7)
FNDA:0,(anonymous_8)
FNDA:0,(anonymous_9)
FNDA:0,(anonymous_10)
FNDA:0,(anonymous_11)
FNDA:0,(anonymous_12)
FNDA:0,(anonymous_13)
FNDA:0,(anonymous_14)
FNDA:0,(anonymous_15)
FNDA:0,(anonymous_16)
FNDA:0,(anonymous_17)
FNDA:0,(anonymous_18)
DA:26,0
DA:27,0
DA:30,0
DA:31,0
DA:34,0
DA:42,0
DA:43,0
DA:47,0
DA:48,0
DA:49,0
DA:51,0
DA:58,0
DA:59,0
DA:60,0
DA:61,0
DA:66,0
DA:75,0
DA:76,0
DA:80,0
DA:81,0
DA:82,0
DA:86,0
DA:87,0
DA:88,0
DA:92,0
DA:95,0
DA:101,0
DA:105,0
DA:106,0
DA:107,0
DA:111,0
DA:112,0
DA:116,0
DA:119,0
DA:127,0
DA:134,0
DA:136,0
DA:139,0
DA:142,0
DA:145,0
DA:148,0
DA:149,0
DA:155,0
DA:165,0
DA:175,0
DA:184,0
DA:188,0
DA:189,0
DA:190,0
DA:193,0
DA:194,0
DA:199,0
DA:200,0
DA:202,0
DA:207,0
DA:210,0
DA:211,0
DA:212,0
DA:213,0
LF:59
LH:0
BRDA:58,0,0,0
BRDA:60,1,0,0
BRDA:79,2,0,0
BRDA:81,3,0,0
BRDA:81,4,0,0
BRDA:81,4,1,0
BRDA:87,5,0,0
BRDA:106,6,0,0
BRDA:106,7,0,0
BRDA:106,7,1,0
BRDA:111,8,0,0
BRDA:134,9,0,0
BRDA:134,9,1,0
BRDA:134,9,2,0
BRDA:134,9,3,0
BRDA:134,9,4,0
BRDA:189,10,0,0
BRDA:189,11,0,0
BRDA:189,11,1,0
BRF:19
BRH:0
end_of_record
TN:
SF:lib/api/episodes.ts
FN:20,loadPlayedStatus
FN:23,(anonymous_1)
FN:33,savePlayedStatus
FN:34,(anonymous_3)
FN:34,(anonymous_4)
FN:41,nextEpisodes
FN:43,(anonymous_6)
FN:46,markPlayed
FN:47,(anonymous_8)
FN:54,getAllEpisodes
FN:58,getEpisode
FN:59,(anonymous_11)
FNF:12
FNH:0
FNDA:0,loadPlayedStatus
FNDA:0,(anonymous_1)
FNDA:0,savePlayedStatus
FNDA:0,(anonymous_3)
FNDA:0,(anonymous_4)
FNDA:0,nextEpisodes
FNDA:0,(anonymous_6)
FNDA:0,markPlayed
FNDA:0,(anonymous_8)
FNDA:0,getAllEpisodes
FNDA:0,getEpisode
FNDA:0,(anonymous_11)
DA:11,0
DA:21,0
DA:22,0
DA:23,0
DA:24,0
DA:25,0
DA:34,0
DA:35,0
DA:39,0
DA:43,0
DA:47,0
DA:48,0
DA:49,0
DA:50,0
DA:55,0
DA:59,0
LF:16
LH:0
BRDA:22,0,0,0
BRDA:22,0,1,0
BRDA:24,1,0,0
BRDA:41,2,0,0
BRDA:48,3,0,0
BRDA:48,4,0,0
BRDA:48,4,1,0
BRF:7
BRH:0
end_of_record
TN:
SF:lib/api/facade.ts
FN:13,(anonymous_0)
FN:76,(anonymous_1)
FN:91,(anonymous_2)
FN:115,(anonymous_3)
FN:134,(anonymous_4)
FN:145,(anonymous_5)
FN:151,(anonymous_6)
FN:152,(anonymous_7)
FN:164,systemHealthCheck
FNF:9
FNH:0
FNDA:0,(anonymous_0)
FNDA:0,(anonymous_1)
FNDA:0,(anonymous_2)
FNDA:0,(anonymous_3)
FNDA:0,(anonymous_4)
FNDA:0,(anonymous_5)
FNDA:0,(anonymous_6)
FNDA:0,(anonymous_7)
FNDA:0,systemHealthCheck
DA:15,0
DA:16,0
DA:20,0
DA:24,0
DA:27,0
DA:31,0
DA:38,0
DA:44,0
DA:50,0
DA:54,0
DA:58,0
DA:63,0
DA:68,0
DA:77,0
DA:79,0
DA:81,0
DA:83,0
DA:84,0
DA:93,0
DA:94,0
DA:96,0
DA:100,0
DA:101,0
DA:102,0
DA:122,0
DA:123,0
DA:130,0
DA:134,0
DA:138,0
DA:146,0
DA:147,0
DA:151,0
DA:152,0
DA:155,0
DA:157,0
DA:169,0
DA:170,0
DA:171,0
DA:179,0
LF:39
LH:0
BRDA:101,0,0,0
BRDA:146,1,0,0
BRF:2
BRH:0
end_of_record
TN:
SF:lib/api/tiles.ts
FN:4,getBillsSafe
FN:7,(anonymous_1)
FN:15,getBestDeal
FN:17,(anonymous_3)
FN:30,getEnergyStatus
FN:32,(anonymous_5)
FNF:6
FNH:0
FNDA:0,getBillsSafe
FNDA:0,(anonymous_1)
FNDA:0,getBestDeal
FNDA:0,(anonymous_3)
FNDA:0,getEnergyStatus
FNDA:0,(anonymous_5)
DA:7,0
DA:9,0
DA:10,0
DA:12,0
DA:17,0
DA:20,0
DA:26,0
DA:32,0
DA:34,0
DA:35,0
LF:10
LH:0
BRDA:12,0,0,0
BRDA:12,0,1,0
BRF:2
BRH:0
end_of_record
TN:
SF:lib/core/bus.ts
FN:26,(anonymous_0)
FN:29,(anonymous_1)
FN:33,(anonymous_2)
FN:34,(anonymous_3)
FN:36,(anonymous_4)
FNF:5
FNH:5
FNDA:12,(anonymous_0)
FNDA:49,(anonymous_1)
FNDA:35,(anonymous_2)
FNDA:26,(anonymous_3)
FNDA:18,(anonymous_4)
DA:26,2
DA:27,12
DA:30,49
DA:34,35
DA:35,35
DA:36,35
DA:40,2
LF:7
LH:7
BRF:0
BRH:0
end_of_record
TN:
SF:lib/core/capabilities.ts
FN:36,getProfile
FN:40,setProfile
FN:47,can
FNF:3
FNH:0
FNDA:0,getProfile
FNDA:0,setProfile
FNDA:0,can
DA:26,0
DA:34,0
DA:37,0
DA:41,0
DA:42,0
DA:43,0
DA:49,0
DA:50,0
LF:8
LH:0
BRDA:34,0,0,0
BRDA:34,0,1,0
BRDA:47,1,0,0
BRDA:49,2,0,0
BRDA:49,2,1,0
BRDA:50,3,0,0
BRDA:50,3,1,0
BRF:7
BRH:0
end_of_record
TN:
SF:lib/core/constants.ts
FN:7,(anonymous_0)
FNF:1
FNH:1
FNDA:1,(anonymous_0)
DA:7,1
DA:8,1
DA:9,1
DA:10,1
DA:11,1
DA:15,1
DA:34,1
DA:64,1
LF:8
LH:8
BRDA:7,0,0,1
BRDA:7,0,1,1
BRF:2
BRH:2
end_of_record
TN:
SF:lib/core/receipts.ts
FN:23,(anonymous_0)
FN:34,(anonymous_1)
FN:40,(anonymous_2)
FN:44,(anonymous_3)
FN:45,(anonymous_4)
FN:51,(anonymous_5)
FN:52,(anonymous_6)
FN:57,(anonymous_7)
FN:68,(anonymous_8)
FN:72,(anonymous_9)
FN:73,(anonymous_10)
FN:85,rid
FNF:12
FNH:0
FNDA:0,(anonymous_0)
FNDA:0,(anonymous_1)
FNDA:0,(anonymous_2)
FNDA:0,(anonymous_3)
FNDA:0,(anonymous_4)
FNDA:0,(anonymous_5)
FNDA:0,(anonymous_6)
FNDA:0,(anonymous_7)
FNDA:0,(anonymous_8)
FNDA:0,(anonymous_9)
FNDA:0,(anonymous_10)
FNDA:0,rid
DA:20,0
DA:21,0
DA:24,0
DA:25,0
DA:26,0
DA:27,0
DA:28,0
DA:35,0
DA:36,0
DA:37,0
DA:41,0
DA:45,0
DA:46,0
DA:47,0
DA:52,0
DA:53,0
DA:54,0
DA:58,0
DA:63,0
DA:64,0
DA:65,0
DA:69,0
DA:73,0
DA:74,0
DA:75,0
DA:76,0
DA:77,0
DA:82,0
DA:86,0
DA:87,0
LF:30
LH:0
BRDA:26,0,0,0
BRDA:28,1,0,0
BRDA:40,2,0,0
BRDA:46,3,0,0
BRDA:53,4,0,0
BRDA:68,5,0,0
BRDA:73,6,0,0
BRDA:73,6,1,0
BRDA:74,7,0,0
BRDA:85,8,0,0
BRF:10
BRH:0
end_of_record
TN:
SF:lib/core/rulers.ts
FN:15,getRulers
FN:51,setActiveRuler
FN:53,(anonymous_2)
FN:68,getActiveRulerId
FN:72,getActiveRuler
FN:74,(anonymous_5)
FNF:6
FNH:0
FNDA:0,getRulers
FNDA:0,setActiveRuler
FNDA:0,(anonymous_2)
FNDA:0,getActiveRulerId
FNDA:0,getActiveRuler
FNDA:0,(anonymous_5)
DA:13,0
DA:17,0
DA:19,0
DA:52,0
DA:53,0
DA:54,0
DA:57,0
DA:58,0
DA:61,0
DA:69,0
DA:73,0
DA:74,0
LF:12
LH:0
BRDA:13,0,0,0
BRDA:13,0,1,0
BRDA:53,1,0,0
BRDA:74,2,0,0
BRDA:74,2,1,0
BRF:5
BRH:0
end_of_record
TN:
SF:lib/core/timers.ts
FN:7,(anonymous_0)
FN:11,(anonymous_1)
FN:18,(anonymous_2)
FN:25,(anonymous_3)
FN:35,(anonymous_4)
FN:39,(anonymous_5)
FN:48,(anonymous_6)
FN:65,mountCountdown
FN:66,(anonymous_8)
FN:72,(anonymous_9)
FN:77,(anonymous_10)
FN:80,(anonymous_11)
FN:85,(anonymous_12)
FN:88,(anonymous_13)
FN:93,(anonymous_14)
FNF:15
FNH:15
FNDA:13,(anonymous_0)
FNDA:12,(anonymous_1)
FNDA:13,(anonymous_2)
FNDA:9,(anonymous_3)
FNDA:3,(anonymous_4)
FNDA:15,(anonymous_5)
FNDA:24,(anonymous_6)
FNDA:4,mountCountdown
FNDA:3,(anonymous_8)
FNDA:2,(anonymous_9)
FNDA:1,(anonymous_10)
FNDA:1,(anonymous_11)
FNDA:1,(anonymous_12)
FNDA:1,(anonymous_13)
FNDA:4,(anonymous_14)
DA:3,1
DA:7,1
DA:8,13
DA:9,13
DA:12,12
DA:13,12
DA:15,12
DA:16,12
DA:18,12
DA:19,13
DA:20,13
DA:21,6
DA:25,12
DA:26,9
DA:27,9
DA:28,9
DA:31,12
DA:32,12
DA:36,3
DA:40,15
DA:41,15
DA:42,15
DA:43,3
DA:44,3
DA:49,24
DA:50,24
DA:51,12
DA:52,12
DA:54,24
DA:55,24
DA:56,12
DA:57,12
DA:62,1
DA:65,1
DA:66,4
DA:67,3
DA:68,2
DA:69,2
DA:72,4
DA:73,2
DA:74,2
DA:77,4
DA:78,1
DA:79,1
DA:80,1
DA:81,1
DA:85,4
DA:86,1
DA:87,1
DA:88,1
DA:89,1
DA:93,4
DA:94,4
DA:95,4
DA:96,4
DA:97,4
LF:56
LH:56
BRDA:20,0,0,6
BRDA:40,1,0,15
BRDA:40,1,1,12
BRDA:42,2,0,3
BRDA:50,3,0,12
BRDA:55,4,0,12
BRDA:67,5,0,2
BRDA:67,6,0,3
BRDA:67,6,1,2
BRDA:73,7,0,2
BRDA:73,8,0,2
BRDA:73,8,1,2
BRDA:78,9,0,1
BRDA:78,10,0,1
BRDA:78,10,1,1
BRDA:86,11,0,1
BRDA:86,12,0,1
BRDA:86,12,1,1
BRF:18
BRH:18
end_of_record
TN:
SF:lib/flow/context.ts
FN:11,(anonymous_0)
FN:17,(anonymous_1)
FN:35,(anonymous_2)
FN:42,(anonymous_3)
FN:52,(anonymous_4)
FN:59,(anonymous_5)
FN:60,(anonymous_6)
FN:69,(anonymous_7)
FN:76,(anonymous_8)
FN:90,(anonymous_9)
FN:98,(anonymous_10)
FN:105,(anonymous_11)
FN:112,(anonymous_12)
FN:119,(anonymous_13)
FN:126,(anonymous_14)
FN:128,(anonymous_15)
FNF:16
FNH:0
FNDA:0,(anonymous_0)
FNDA:0,(anonymous_1)
FNDA:0,(anonymous_2)
FNDA:0,(anonymous_3)
FNDA:0,(anonymous_4)
FNDA:0,(anonymous_5)
FNDA:0,(anonymous_6)
FNDA:0,(anonymous_7)
FNDA:0,(anonymous_8)
FNDA:0,(anonymous_9)
FNDA:0,(anonymous_10)
FNDA:0,(anonymous_11)
FNDA:0,(anonymous_12)
FNDA:0,(anonymous_13)
FNDA:0,(anonymous_14)
FNDA:0,(anonymous_15)
DA:12,0
DA:18,0
DA:28,0
DA:29,0
DA:36,0
DA:43,0
DA:44,0
DA:45,0
DA:53,0
DA:60,0
DA:61,0
DA:62,0
DA:70,0
DA:77,0
DA:78,0
DA:80,0
DA:81,0
DA:84,0
DA:91,0
DA:92,0
DA:99,0
DA:106,0
DA:113,0
DA:120,0
DA:127,0
DA:128,0
DA:130,0
LF:27
LH:0
BRDA:44,0,0,0
BRDA:62,1,0,0
BRDA:62,1,1,0
BRDA:62,1,2,0
BRDA:127,2,0,0
BRF:5
BRH:0
end_of_record
TN:
SF:lib/flow/index.ts
FNF:0
FNH:0
DA:14,0
LF:1
LH:0
BRF:0
BRH:0
end_of_record
TN:
SF:lib/flow/node-executors.ts
FN:25,(anonymous_0)
FN:30,(anonymous_1)
FN:65,(anonymous_2)
FN:77,(anonymous_3)
FN:104,(anonymous_4)
FN:114,(anonymous_5)
FN:116,(anonymous_6)
FN:133,(anonymous_7)
FN:155,(anonymous_8)
FN:165,(anonymous_9)
FN:190,(anonymous_10)
FN:202,(anonymous_11)
FN:206,(anonymous_12)
FN:224,(anonymous_13)
FN:245,(anonymous_14)
FN:256,(anonymous_15)
FNF:16
FNH:0
FNDA:0,(anonymous_0)
FNDA:0,(anonymous_1)
FNDA:0,(anonymous_2)
FNDA:0,(anonymous_3)
FNDA:0,(anonymous_4)
FNDA:0,(anonymous_5)
FNDA:0,(anonymous_6)
FNDA:0,(anonymous_7)
FNDA:0,(anonymous_8)
FNDA:0,(anonymous_9)
FNDA:0,(anonymous_10)
FNDA:0,(anonymous_11)
FNDA:0,(anonymous_12)
FNDA:0,(anonymous_13)
FNDA:0,(anonymous_14)
FNDA:0,(anonymous_15)
DA:25,0
DA:31,0
DA:33,0
DA:35,0
DA:38,0
DA:41,0
DA:44,0
DA:49,0
DA:52,0
DA:55,0
DA:58,0
DA:66,0
DA:67,0
DA:68,0
DA:69,0
DA:71,0
DA:77,0
DA:78,0
DA:79,0
DA:80,0
DA:84,0
DA:90,0
DA:92,0
DA:98,0
DA:108,0
DA:109,0
DA:111,0
DA:113,0
DA:114,0
DA:115,0
DA:116,0
DA:119,0
DA:121,0
DA:127,0
DA:135,0
DA:138,0
DA:139,0
DA:141,0
DA:143,0
DA:149,0
DA:156,0
DA:160,0
DA:161,0
DA:163,0
DA:164,0
DA:165,0
DA:166,0
DA:169,0
DA:175,0
DA:176,0
DA:184,0
DA:191,0
DA:194,0
DA:196,0
DA:203,0
DA:204,0
DA:206,0
DA:207,0
DA:210,0
DA:212,0
DA:218,0
DA:225,0
DA:226,0
DA:228,0
DA:229,0
DA:231,0
DA:239,0
DA:246,0
DA:247,0
DA:248,0
DA:251,0
DA:252,0
DA:255,0
DA:256,0
DA:257,0
DA:261,0
LF:76
LH:0
BRDA:33,0,0,0
BRDA:33,0,1,0
BRDA:33,0,2,0
BRDA:33,0,3,0
BRDA:33,0,4,0
BRDA:33,0,5,0
BRDA:33,0,6,0
BRDA:33,0,7,0
BRDA:33,0,8,0
BRDA:33,0,9,0
BRDA:66,1,0,0
BRDA:66,1,1,0
BRDA:79,2,0,0
BRDA:79,2,1,0
BRDA:84,3,0,0
BRDA:84,3,1,0
BRDA:86,4,0,0
BRDA:86,4,1,0
BRDA:108,5,0,0
BRDA:108,5,1,0
BRDA:109,6,0,0
BRDA:109,6,1,0
BRDA:113,7,0,0
BRDA:113,7,1,0
BRDA:115,8,0,0
BRDA:135,9,0,0
BRDA:135,9,1,0
BRDA:139,10,0,0
BRDA:139,10,1,0
BRDA:156,11,0,0
BRDA:156,11,1,0
BRDA:163,12,0,0
BRDA:164,13,0,0
BRDA:164,13,1,0
BRDA:171,14,0,0
BRDA:171,14,1,0
BRDA:175,15,0,0
BRDA:179,16,0,0
BRDA:179,16,1,0
BRDA:191,17,0,0
BRDA:191,17,1,0
BRDA:203,18,0,0
BRDA:203,18,1,0
BRDA:226,19,0,0
BRDA:226,19,1,0
BRDA:228,20,0,0
BRDA:246,21,0,0
BRDA:251,22,0,0
BRDA:255,23,0,0
BRDA:257,24,0,0
BRDA:257,24,1,0
BRF:51
BRH:0
end_of_record
TN:
SF:lib/flow/runner.ts
FN:21,(anonymous_0)
FN:30,(anonymous_1)
FN:38,(anonymous_2)
FN:77,(anonymous_3)
FN:80,(anonymous_4)
FN:90,(anonymous_5)
FN:111,(anonymous_6)
FN:130,(anonymous_7)
FN:151,(anonymous_8)
FN:175,(anonymous_9)
FN:182,(anonymous_10)
FN:212,(anonymous_11)
FN:226,(anonymous_12)
FN:238,(anonymous_13)
FN:247,(anonymous_14)
FN:254,(anonymous_15)
FN:255,(anonymous_16)
FN:256,(anonymous_17)
FN:262,(anonymous_18)
FN:267,(anonymous_19)
FN:271,(anonymous_20)
FN:281,(anonymous_21)
FN:286,(anonymous_22)
FNF:23
FNH:0
FNDA:0,(anonymous_0)
FNDA:0,(anonymous_1)
FNDA:0,(anonymous_2)
FNDA:0,(anonymous_3)
FNDA:0,(anonymous_4)
FNDA:0,(anonymous_5)
FNDA:0,(anonymous_6)
FNDA:0,(anonymous_7)
FNDA:0,(anonymous_8)
FNDA:0,(anonymous_9)
FNDA:0,(anonymous_10)
FNDA:0,(anonymous_11)
FNDA:0,(anonymous_12)
FNDA:0,(anonymous_13)
FNDA:0,(anonymous_14)
FNDA:0,(anonymous_15)
FNDA:0,(anonymous_16)
FNDA:0,(anonymous_17)
FNDA:0,(anonymous_18)
FNDA:0,(anonymous_19)
FNDA:0,(anonymous_20)
FNDA:0,(anonymous_21)
FNDA:0,(anonymous_22)
DA:16,0
DA:22,0
DA:23,0
DA:24,0
DA:31,0
DA:32,0
DA:39,0
DA:40,0
DA:42,0
DA:43,0
DA:44,0
DA:48,0
DA:56,0
DA:57,0
DA:61,0
DA:67,0
DA:68,0
DA:70,0
DA:78,0
DA:79,0
DA:80,0
DA:82,0
DA:83,0
DA:84,0
DA:87,0
DA:89,0
DA:90,0
DA:91,0
DA:92,0
DA:94,0
DA:98,0
DA:99,0
DA:102,0
DA:104,0
DA:112,0
DA:113,0
DA:115,0
DA:117,0
DA:119,0
DA:120,0
DA:121,0
DA:123,0
DA:131,0
DA:132,0
DA:134,0
DA:140,0
DA:142,0
DA:152,0
DA:153,0
DA:155,0
DA:161,0
DA:163,0
DA:176,0
DA:183,0
DA:184,0
DA:187,0
DA:190,0
DA:197,0
DA:203,0
DA:204,0
DA:206,0
DA:213,0
DA:214,0
DA:217,0
DA:220,0
DA:227,0
DA:228,0
DA:229,0
DA:230,0
DA:231,0
DA:232,0
DA:239,0
DA:248,0
DA:255,0
DA:256,0
DA:267,0
DA:269,0
DA:270,0
DA:271,0
DA:275,0
DA:282,0
DA:283,0
DA:285,0
DA:286,0
DA:287,0
DA:290,0
DA:292,0
LF:87
LH:0
BRDA:42,0,0,0
BRDA:42,1,0,0
BRDA:42,1,1,0
BRDA:56,2,0,0
BRDA:67,3,0,0
BRDA:67,3,1,0
BRDA:82,4,0,0
BRDA:82,5,0,0
BRDA:82,5,1,0
BRDA:82,5,2,0
BRDA:89,6,0,0
BRDA:115,7,0,0
BRDA:115,8,0,0
BRDA:115,8,1,0
BRDA:119,9,0,0
BRDA:119,9,1,0
BRDA:132,10,0,0
BRDA:153,11,0,0
BRDA:175,12,0,0
BRDA:184,13,0,0
BRDA:214,14,0,0
BRDA:228,15,0,0
BRDA:229,16,0,0
BRDA:230,17,0,0
BRDA:231,18,0,0
BRDA:248,19,0,0
BRDA:248,19,1,0
BRDA:256,20,0,0
BRDA:256,20,1,0
BRDA:270,21,0,0
BRDA:271,22,0,0
BRDA:271,22,1,0
BRDA:282,23,0,0
BRDA:283,24,0,0
BRDA:287,25,0,0
BRDA:287,25,1,0
BRF:36
BRH:0
end_of_record
TN:
SF:lib/flow/timer-integration.ts
FN:15,(anonymous_0)
FN:20,(anonymous_1)
FN:47,(anonymous_2)
FN:64,(anonymous_3)
FN:68,(anonymous_4)
FN:76,(anonymous_5)
FN:86,(anonymous_6)
FN:87,(anonymous_7)
FN:100,(anonymous_8)
FNF:9
FNH:0
FNDA:0,(anonymous_0)
FNDA:0,(anonymous_1)
FNDA:0,(anonymous_2)
FNDA:0,(anonymous_3)
FNDA:0,(anonymous_4)
FNDA:0,(anonymous_5)
FNDA:0,(anonymous_6)
FNDA:0,(anonymous_7)
FNDA:0,(anonymous_8)
DA:15,0
DA:25,0
DA:26,0
DA:28,0
DA:29,0
DA:37,0
DA:38,0
DA:41,0
DA:48,0
DA:49,0
DA:53,0
DA:55,0
DA:56,0
DA:57,0
DA:65,0
DA:66,0
DA:68,0
DA:69,0
DA:83,0
DA:84,0
DA:86,0
DA:87,0
DA:88,0
DA:89,0
DA:95,0
DA:96,0
DA:100,0
DA:101,0
DA:102,0
DA:103,0
DA:109,0
DA:111,0
DA:112,0
DA:114,0
DA:115,0
DA:117,0
DA:118,0
DA:120,0
DA:121,0
LF:39
LH:0
BRDA:26,0,0,0
BRDA:47,1,0,0
BRDA:49,2,0,0
BRDA:55,3,0,0
BRDA:66,4,0,0
BRDA:84,5,0,0
BRDA:88,6,0,0
BRDA:88,7,0,0
BRDA:88,7,1,0
BRDA:91,8,0,0
BRDA:91,8,1,0
BRDA:101,9,0,0
BRDA:101,10,0,0
BRDA:101,10,1,0
BRDA:109,11,0,0
BRDA:109,11,1,0
BRDA:109,11,2,0
BRDA:109,11,3,0
BRF:18
BRH:0
end_of_record
TN:
SF:lib/integration/ai-butler-manager.ts
FN:12,(anonymous_0)
FN:18,(anonymous_1)
FN:29,(anonymous_2)
FN:35,(anonymous_3)
FN:43,(anonymous_4)
FN:56,(anonymous_5)
FN:58,(anonymous_6)
FN:63,(anonymous_7)
FN:67,(anonymous_8)
FN:71,(anonymous_9)
FN:79,(anonymous_10)
FN:83,(anonymous_11)
FN:86,(anonymous_12)
FN:92,(anonymous_13)
FN:96,(anonymous_14)
FN:100,(anonymous_15)
FN:104,(anonymous_16)
FN:112,(anonymous_17)
FN:121,(anonymous_18)
FN:148,(anonymous_19)
FN:156,(anonymous_20)
FN:166,(anonymous_21)
FN:175,(anonymous_22)
FN:182,(anonymous_23)
FN:190,(anonymous_24)
FNF:25
FNH:0
FNDA:0,(anonymous_0)
FNDA:0,(anonymous_1)
FNDA:0,(anonymous_2)
FNDA:0,(anonymous_3)
FNDA:0,(anonymous_4)
FNDA:0,(anonymous_5)
FNDA:0,(anonymous_6)
FNDA:0,(anonymous_7)
FNDA:0,(anonymous_8)
FNDA:0,(anonymous_9)
FNDA:0,(anonymous_10)
FNDA:0,(anonymous_11)
FNDA:0,(anonymous_12)
FNDA:0,(anonymous_13)
FNDA:0,(anonymous_14)
FNDA:0,(anonymous_15)
FNDA:0,(anonymous_16)
FNDA:0,(anonymous_17)
FNDA:0,(anonymous_18)
FNDA:0,(anonymous_19)
FNDA:0,(anonymous_20)
FNDA:0,(anonymous_21)
FNDA:0,(anonymous_22)
FNDA:0,(anonymous_23)
FNDA:0,(anonymous_24)
DA:13,0
DA:19,0
DA:20,0
DA:21,0
DA:23,0
DA:31,0
DA:32,0
DA:34,0
DA:35,0
DA:36,0
DA:37,0
DA:39,0
DA:42,0
DA:43,0
DA:45,0
DA:58,0
DA:59,0
DA:63,0
DA:64,0
DA:67,0
DA:68,0
DA:71,0
DA:72,0
DA:80,0
DA:81,0
DA:83,0
DA:84,0
DA:85,0
DA:86,0
DA:87,0
DA:92,0
DA:93,0
DA:96,0
DA:97,0
DA:100,0
DA:101,0
DA:104,0
DA:105,0
DA:114,0
DA:121,0
DA:122,0
DA:123,0
DA:124,0
DA:125,0
DA:126,0
DA:127,0
DA:128,0
DA:129,0
DA:131,0
DA:137,0
DA:138,0
DA:139,0
DA:140,0
DA:149,0
DA:156,0
DA:157,0
DA:158,0
DA:159,0
DA:160,0
DA:165,0
DA:166,0
DA:167,0
DA:168,0
DA:176,0
DA:183,0
DA:184,0
DA:191,0
DA:196,0
LF:68
LH:0
BRDA:34,0,0,0
BRDA:34,1,0,0
BRDA:34,1,1,0
BRDA:37,2,0,0
BRDA:37,2,1,0
BRDA:46,3,0,0
BRDA:46,3,1,0
BRDA:81,4,0,0
BRDA:123,5,0,0
BRDA:124,6,0,0
BRDA:124,6,1,0
BRDA:124,7,0,0
BRDA:124,7,1,0
BRDA:127,8,0,0
BRDA:127,8,1,0
BRDA:137,9,0,0
BRDA:137,10,0,0
BRDA:137,10,1,0
BRDA:139,11,0,0
BRDA:140,12,0,0
BRDA:140,12,1,0
BRDA:158,13,0,0
BRF:22
BRH:0
end_of_record
TN:
SF:lib/integration/audit-trail.ts
FN:15,(anonymous_0)
FN:71,(anonymous_1)
FN:113,(anonymous_2)
FN:129,(anonymous_3)
FN:149,(anonymous_4)
FN:154,(anonymous_5)
FN:170,(anonymous_6)
FNF:7
FNH:0
FNDA:0,(anonymous_0)
FNDA:0,(anonymous_1)
FNDA:0,(anonymous_2)
FNDA:0,(anonymous_3)
FNDA:0,(anonymous_4)
FNDA:0,(anonymous_5)
FNDA:0,(anonymous_6)
DA:16,0
DA:17,0
DA:19,0
DA:20,0
DA:71,0
DA:114,0
DA:115,0
DA:118,0
DA:119,0
DA:120,0
DA:121,0
DA:122,0
DA:123,0
DA:135,0
DA:137,0
DA:138,0
DA:146,0
DA:147,0
DA:149,0
DA:150,0
DA:151,0
DA:154,0
DA:156,0
DA:171,0
DA:172,0
DA:177,0
LF:26
LH:0
BRDA:19,0,0,0
BRDA:76,1,0,0
BRDA:76,1,1,0
BRDA:137,2,0,0
BRDA:150,3,0,0
BRDA:150,3,1,0
BRDA:151,4,0,0
BRDA:151,4,1,0
BRF:8
BRH:0
end_of_record
TN:
SF:lib/integration/flow-loader.ts
FN:12,(anonymous_0)
FN:18,(anonymous_1)
FN:37,(anonymous_2)
FN:44,(anonymous_3)
FN:46,(anonymous_4)
FN:55,(anonymous_5)
FN:62,(anonymous_6)
FNF:7
FNH:0
FNDA:0,(anonymous_0)
FNDA:0,(anonymous_1)
FNDA:0,(anonymous_2)
FNDA:0,(anonymous_3)
FNDA:0,(anonymous_4)
FNDA:0,(anonymous_5)
FNDA:0,(anonymous_6)
DA:13,0
DA:19,0
DA:20,0
DA:21,0
DA:22,0
DA:24,0
DA:25,0
DA:27,0
DA:29,0
DA:38,0
DA:45,0
DA:46,0
DA:47,0
DA:49,0
DA:56,0
DA:63,0
DA:64,0
DA:65,0
DA:67,0
DA:68,0
DA:70,0
DA:72,0
DA:73,0
DA:79,0
LF:24
LH:0
BRDA:18,0,0,0
BRF:1
BRH:0
end_of_record
TN:
SF:lib/integration/hybrid-orchestrator.ts
FN:16,(anonymous_0)
FN:22,(anonymous_1)
FN:58,(anonymous_2)
FN:83,(anonymous_3)
FN:91,(anonymous_4)
FN:111,(anonymous_5)
FN:124,(anonymous_6)
FN:131,(anonymous_7)
FN:138,(anonymous_8)
FNF:9
FNH:0
FNDA:0,(anonymous_0)
FNDA:0,(anonymous_1)
FNDA:0,(anonymous_2)
FNDA:0,(anonymous_3)
FNDA:0,(anonymous_4)
FNDA:0,(anonymous_5)
FNDA:0,(anonymous_6)
FNDA:0,(anonymous_7)
FNDA:0,(anonymous_8)
DA:17,0
DA:23,0
DA:24,0
DA:25,0
DA:28,0
DA:29,0
DA:32,0
DA:35,0
DA:36,0
DA:39,0
DA:42,0
DA:45,0
DA:47,0
DA:48,0
DA:50,0
DA:51,0
DA:59,0
DA:60,0
DA:63,0
DA:64,0
DA:67,0
DA:70,0
DA:72,0
DA:73,0
DA:75,0
DA:76,0
DA:84,0
DA:85,0
DA:97,0
DA:98,0
DA:100,0
DA:115,0
DA:125,0
DA:132,0
DA:139,0
DA:144,0
LF:36
LH:0
BRDA:23,0,0,0
BRDA:59,1,0,0
BRF:2
BRH:0
end_of_record
TN:
SF:lib/integration/index.ts
FN:15,(anonymous_0)
FN:21,(anonymous_1)
FNF:2
FNH:0
FNDA:0,(anonymous_0)
FNDA:0,(anonymous_1)
DA:15,0
DA:16,0
DA:17,0
DA:21,0
DA:22,0
DA:23,0
LF:6
LH:0
BRF:0
BRH:0
end_of_record
TN:
SF:lib/integration/notification-service.ts
FN:19,(anonymous_0)
FN:29,(anonymous_1)
FN:38,(anonymous_2)
FN:51,(anonymous_3)
FN:61,(anonymous_4)
FN:63,(anonymous_5)
FN:66,(anonymous_6)
FN:85,(anonymous_7)
FN:105,(anonymous_8)
FN:111,(anonymous_9)
FN:122,(anonymous_10)
FN:129,(anonymous_11)
FN:154,(anonymous_12)
FN:162,(anonymous_13)
FN:179,(anonymous_14)
FNF:15
FNH:0
FNDA:0,(anonymous_0)
FNDA:0,(anonymous_1)
FNDA:0,(anonymous_2)
FNDA:0,(anonymous_3)
FNDA:0,(anonymous_4)
FNDA:0,(anonymous_5)
FNDA:0,(anonymous_6)
FNDA:0,(anonymous_7)
FNDA:0,(anonymous_8)
FNDA:0,(anonymous_9)
FNDA:0,(anonymous_10)
FNDA:0,(anonymous_11)
FNDA:0,(anonymous_12)
FNDA:0,(anonymous_13)
FNDA:0,(anonymous_14)
DA:20,0
DA:21,0
DA:23,0
DA:31,0
DA:32,0
DA:36,0
DA:38,0
DA:39,0
DA:40,0
DA:41,0
DA:42,0
DA:44,0
DA:50,0
DA:52,0
DA:63,0
DA:64,0
DA:65,0
DA:66,0
DA:69,0
DA:71,0
DA:72,0
DA:73,0
DA:77,0
DA:86,0
DA:87,0
DA:91,0
DA:92,0
DA:93,0
DA:94,0
DA:95,0
DA:97,0
DA:107,0
DA:108,0
DA:111,0
DA:112,0
DA:113,0
DA:114,0
DA:123,0
DA:130,0
DA:131,0
DA:132,0
DA:135,0
DA:151,0
DA:154,0
DA:155,0
DA:163,0
DA:164,0
DA:165,0
DA:168,0
DA:169,0
DA:170,0
DA:173,0
DA:180,0
DA:181,0
DA:186,0
LF:55
LH:0
BRDA:32,0,0,0
BRDA:32,0,1,0
BRDA:36,1,0,0
BRDA:66,2,0,0
BRDA:66,2,1,0
BRDA:69,3,0,0
BRDA:71,4,0,0
BRDA:71,4,1,0
BRDA:72,5,0,0
BRDA:72,6,0,0
BRDA:72,6,1,0
BRDA:87,7,0,0
BRDA:87,7,1,0
BRDA:91,8,0,0
BRDA:112,9,0,0
BRDA:129,10,0,0
BRDA:140,11,0,0
BRDA:140,11,1,0
BRDA:140,12,0,0
BRDA:140,12,1,0
BRDA:163,13,0,0
BRDA:168,14,0,0
BRF:22
BRH:0
end_of_record
TN:
SF:lib/integration/studio-manager.ts
FN:12,(anonymous_0)
FN:18,(anonymous_1)
FN:19,(anonymous_2)
FN:27,(anonymous_3)
FN:56,(anonymous_4)
FN:63,(anonymous_5)
FN:65,(anonymous_6)
FN:74,(anonymous_7)
FN:85,(anonymous_8)
FN:102,(anonymous_9)
FN:103,(anonymous_10)
FNF:11
FNH:0
FNDA:0,(anonymous_0)
FNDA:0,(anonymous_1)
FNDA:0,(anonymous_2)
FNDA:0,(anonymous_3)
FNDA:0,(anonymous_4)
FNDA:0,(anonymous_5)
FNDA:0,(anonymous_6)
FNDA:0,(anonymous_7)
FNDA:0,(anonymous_8)
FNDA:0,(anonymous_9)
FNDA:0,(anonymous_10)
DA:13,0
DA:19,0
DA:20,0
DA:29,0
DA:30,0
DA:32,0
DA:33,0
DA:34,0
DA:35,0
DA:39,0
DA:40,0
DA:44,0
DA:45,0
DA:46,0
DA:47,0
DA:49,0
DA:57,0
DA:64,0
DA:65,0
DA:66,0
DA:68,0
DA:75,0
DA:76,0
DA:77,0
DA:78,0
DA:86,0
DA:87,0
DA:89,0
DA:90,0
DA:91,0
DA:94,0
DA:95,0
DA:103,0
DA:104,0
DA:110,0
LF:35
LH:0
BRDA:30,0,0,0
BRDA:33,1,0,0
BRDA:44,2,0,0
BRDA:76,3,0,0
BRDA:87,4,0,0
BRDA:90,5,0,0
BRF:6
BRH:0
end_of_record
TN:
SF:lib/integration/system-initialization.ts
FN:20,(anonymous_0)
FN:27,(anonymous_1)
FN:63,(anonymous_2)
FN:91,(anonymous_3)
FN:108,(anonymous_4)
FN:120,emergencyReset
FNF:6
FNH:0
FNDA:0,(anonymous_0)
FNDA:0,(anonymous_1)
FNDA:0,(anonymous_2)
FNDA:0,(anonymous_3)
FNDA:0,(anonymous_4)
FNDA:0,emergencyReset
DA:18,0
DA:21,0
DA:28,0
DA:29,0
DA:30,0
DA:33,0
DA:34,0
DA:37,0
DA:40,0
DA:43,0
DA:46,0
DA:47,0
DA:52,0
DA:53,0
DA:55,0
DA:56,0
DA:64,0
DA:65,0
DA:68,0
DA:69,0
DA:72,0
DA:75,0
DA:78,0
DA:80,0
DA:81,0
DA:83,0
DA:84,0
DA:97,0
DA:109,0
DA:110,0
DA:115,0
DA:121,0
DA:122,0
DA:123,0
LF:34
LH:0
BRDA:28,0,0,0
BRDA:64,1,0,0
BRF:2
BRH:0
end_of_record
TN:
SF:lib/integration/ui-bridge.ts
FN:13,(anonymous_0)
FN:19,(anonymous_1)
FN:33,(anonymous_2)
FN:36,(anonymous_3)
FN:41,(anonymous_4)
FN:53,(anonymous_5)
FN:59,(anonymous_6)
FN:65,(anonymous_7)
FN:75,(anonymous_8)
FN:79,(anonymous_9)
FN:82,(anonymous_10)
FN:104,(anonymous_11)
FN:110,(anonymous_12)
FN:119,(anonymous_13)
FN:123,(anonymous_14)
FN:126,(anonymous_15)
FN:147,(anonymous_16)
FN:153,(anonymous_17)
FN:162,(anonymous_18)
FN:183,(anonymous_19)
FNF:20
FNH:0
FNDA:0,(anonymous_0)
FNDA:0,(anonymous_1)
FNDA:0,(anonymous_2)
FNDA:0,(anonymous_3)
FNDA:0,(anonymous_4)
FNDA:0,(anonymous_5)
FNDA:0,(anonymous_6)
FNDA:0,(anonymous_7)
FNDA:0,(anonymous_8)
FNDA:0,(anonymous_9)
FNDA:0,(anonymous_10)
FNDA:0,(anonymous_11)
FNDA:0,(anonymous_12)
FNDA:0,(anonymous_13)
FNDA:0,(anonymous_14)
FNDA:0,(anonymous_15)
FNDA:0,(anonymous_16)
FNDA:0,(anonymous_17)
FNDA:0,(anonymous_18)
FNDA:0,(anonymous_19)
DA:14,0
DA:20,0
DA:23,0
DA:24,0
DA:25,0
DA:27,0
DA:34,0
DA:35,0
DA:36,0
DA:37,0
DA:41,0
DA:44,0
DA:49,0
DA:50,0
DA:52,0
DA:53,0
DA:54,0
DA:58,0
DA:59,0
DA:60,0
DA:65,0
DA:66,0
DA:67,0
DA:77,0
DA:79,0
DA:80,0
DA:81,0
DA:82,0
DA:83,0
DA:90,0
DA:100,0
DA:101,0
DA:103,0
DA:104,0
DA:105,0
DA:109,0
DA:110,0
DA:111,0
DA:121,0
DA:123,0
DA:124,0
DA:125,0
DA:126,0
DA:127,0
DA:133,0
DA:143,0
DA:144,0
DA:146,0
DA:147,0
DA:148,0
DA:152,0
DA:153,0
DA:154,0
DA:164,0
DA:165,0
DA:166,0
DA:167,0
DA:171,0
DA:172,0
DA:173,0
DA:175,0
DA:176,0
DA:184,0
DA:189,0
LF:64
LH:0
BRDA:35,0,0,0
BRDA:41,1,0,0
BRDA:41,1,1,0
BRDA:52,2,0,0
BRDA:58,3,0,0
BRDA:66,4,0,0
BRDA:81,5,0,0
BRDA:103,6,0,0
BRDA:109,7,0,0
BRDA:125,8,0,0
BRDA:146,9,0,0
BRDA:152,10,0,0
BRDA:165,11,0,0
BRDA:166,12,0,0
BRDA:166,12,1,0
BRDA:171,13,0,0
BRDA:175,14,0,0
BRDA:176,15,0,0
BRF:18
BRH:0
end_of_record
TN:
SF:lib/m1/safeCta.ts
FN:17,enqueueDefault
FN:19,(anonymous_1)
FN:30,getPendingCount
FN:35,getPendingDefaults
FN:40,applyAllPendingDefaults
FN:100,tryUndo
FN:122,populateExampleDefaults
FN:127,(anonymous_7)
FN:129,(anonymous_8)
FN:137,(anonymous_9)
FN:139,(anonymous_10)
FN:147,(anonymous_11)
FN:149,(anonymous_12)
FNF:13
FNH:0
FNDA:0,enqueueDefault
FNDA:0,(anonymous_1)
FNDA:0,getPendingCount
FNDA:0,getPendingDefaults
FNDA:0,applyAllPendingDefaults
FNDA:0,tryUndo
FNDA:0,populateExampleDefaults
FNDA:0,(anonymous_7)
FNDA:0,(anonymous_8)
FNDA:0,(anonymous_9)
FNDA:0,(anonymous_10)
FNDA:0,(anonymous_11)
FNDA:0,(anonymous_12)
DA:14,0
DA:19,0
DA:20,0
DA:21,0
DA:22,0
DA:31,0
DA:36,0
DA:41,0
DA:43,0
DA:44,0
DA:48,0
DA:51,0
DA:56,0
DA:57,0
DA:59,0
DA:60,0
DA:62,0
DA:63,0
DA:72,0
DA:77,0
DA:79,0
DA:85,0
DA:89,0
DA:90,0
DA:96,0
DA:101,0
DA:102,0
DA:106,0
DA:111,0
DA:113,0
DA:118,0
DA:123,0
DA:129,0
DA:133,0
DA:139,0
DA:143,0
DA:149,0
LF:37
LH:0
BRDA:19,0,0,0
BRDA:19,0,1,0
BRDA:20,1,0,0
BRDA:43,2,0,0
BRDA:53,3,0,0
BRDA:53,3,1,0
BRDA:89,4,0,0
BRDA:92,5,0,0
BRDA:92,5,1,0
BRDA:101,6,0,0
BRF:10
BRH:0
end_of_record
TN:
SF:lib/m2/cohort.ts
FN:28,joinCohort
FN:32,clearCohort
FN:37,(anonymous_2)
FN:39,(anonymous_3)
FN:40,(anonymous_4)
FNF:5
FNH:0
FNDA:0,joinCohort
FNDA:0,clearCohort
FNDA:0,(anonymous_2)
FNDA:0,(anonymous_3)
FNDA:0,(anonymous_4)
DA:26,0
DA:29,0
DA:33,0
DA:34,0
DA:37,0
DA:38,0
DA:39,0
DA:40,0
DA:41,0
DA:43,0
LF:10
LH:0
BRDA:33,0,0,0
BRDA:39,1,0,0
BRDA:39,1,1,0
BRF:3
BRH:0
end_of_record
TN:
SF:lib/m2/moneyVeil.ts
FN:20,calcMoneyVeil
FN:31,tax
FNF:2
FNH:0
FNDA:0,calcMoneyVeil
FNDA:0,tax
DA:21,0
DA:22,0
DA:23,0
DA:24,0
DA:28,0
DA:32,0
DA:33,0
DA:34,0
DA:35,0
DA:36,0
DA:37,0
DA:38,0
DA:40,0
DA:41,0
LF:14
LH:0
BRDA:31,0,0,0
BRDA:40,1,0,0
BRDA:40,2,0,0
BRDA:40,2,1,0
BRF:4
BRH:0
end_of_record
TN:
SF:lib/m2/pda.ts
FN:19,(anonymous_0)
FN:20,(anonymous_1)
FN:25,(anonymous_2)
FN:27,(anonymous_3)
FN:30,(anonymous_4)
FN:33,computePDA
FN:39,(anonymous_6)
FN:50,(anonymous_7)
FNF:8
FNH:0
FNDA:0,(anonymous_0)
FNDA:0,(anonymous_1)
FNDA:0,(anonymous_2)
FNDA:0,(anonymous_3)
FNDA:0,(anonymous_4)
FNDA:0,computePDA
FNDA:0,(anonymous_6)
FNDA:0,(anonymous_7)
DA:19,0
DA:20,0
DA:21,0
DA:22,0
DA:25,0
DA:26,0
DA:27,0
DA:30,0
DA:31,0
DA:39,0
DA:40,0
DA:41,0
DA:42,0
DA:43,0
DA:44,0
DA:45,0
DA:50,0
LF:17
LH:0
BRDA:22,0,0,0
BRDA:22,0,1,0
BRDA:22,1,0,0
BRDA:22,1,1,0
BRDA:42,2,0,0
BRDA:42,2,1,0
BRDA:42,3,0,0
BRDA:42,3,1,0
BRDA:43,4,0,0
BRDA:43,4,1,0
BRDA:43,5,0,0
BRDA:43,5,1,0
BRDA:44,6,0,0
BRDA:44,6,1,0
BRDA:44,7,0,0
BRDA:44,7,1,0
BRDA:46,8,0,0
BRDA:46,8,1,0
BRDA:49,9,0,0
BRDA:49,9,1,0
BRF:20
BRH:0
end_of_record
TN:
SF:lib/m2/pots.ts
FN:19,applySweeps
FN:22,(anonymous_1)
FN:28,(anonymous_2)
FNF:3
FNH:0
FNDA:0,applySweeps
FNDA:0,(anonymous_1)
FNDA:0,(anonymous_2)
DA:20,0
DA:21,0
DA:23,0
DA:27,0
DA:28,0
DA:29,0
DA:31,0
DA:32,0
DA:33,0
DA:35,0
DA:36,0
DA:38,0
DA:40,0
DA:41,0
DA:43,0
DA:44,0
DA:48,0
LF:17
LH:0
BRDA:23,0,0,0
BRDA:23,0,1,0
BRDA:24,1,0,0
BRDA:24,1,1,0
BRDA:29,2,0,0
BRDA:29,3,0,0
BRDA:29,3,1,0
BRDA:31,4,0,0
BRDA:31,4,1,0
BRDA:32,5,0,0
BRDA:32,5,1,0
BRDA:40,6,0,0
BRDA:40,7,0,0
BRDA:40,7,1,0
BRDA:43,8,0,0
BRDA:43,9,0,0
BRDA:43,9,1,0
BRF:17
BRH:0
end_of_record
TN:
SF:lib/m2/rentCounter.ts
FN:7,fairRent
FNF:1
FNH:0
FNDA:0,fairRent
DA:14,0
DA:15,0
DA:17,0
DA:18,0
DA:20,0
DA:21,0
DA:24,0
LF:7
LH:0
BRDA:17,0,0,0
BRDA:20,1,0,0
BRF:2
BRH:0
end_of_record
TN:
SF:lib/m3/contracts.ts
FN:25,renderContract
FN:32,humanText
FN:40,blobToArrayBuffer
FN:44,sha256
FN:46,(anonymous_4)
FNF:5
FNH:0
FNDA:0,renderContract
FNDA:0,humanText
FNDA:0,blobToArrayBuffer
FNDA:0,sha256
FNDA:0,(anonymous_4)
DA:26,0
DA:27,0
DA:28,0
DA:29,0
DA:33,0
DA:41,0
DA:45,0
DA:46,0
LF:8
LH:0
BRDA:36,0,0,0
BRDA:36,0,1,0
BRDA:36,1,0,0
BRDA:36,1,1,0
BRF:4
BRH:0
end_of_record
TN:
SF:lib/m3/indexCommons.ts
FN:24,(anonymous_0)
FN:35,(anonymous_1)
FN:40,(anonymous_2)
FN:44,(anonymous_3)
FN:49,(anonymous_4)
FN:50,(anonymous_5)
FN:51,(anonymous_6)
FN:57,(anonymous_7)
FN:68,(anonymous_8)
FN:69,(anonymous_9)
FN:75,hamburgerSentinel
FN:77,(anonymous_11)
FN:84,(anonymous_12)
FNF:13
FNH:0
FNDA:0,(anonymous_0)
FNDA:0,(anonymous_1)
FNDA:0,(anonymous_2)
FNDA:0,(anonymous_3)
FNDA:0,(anonymous_4)
FNDA:0,(anonymous_5)
FNDA:0,(anonymous_6)
FNDA:0,(anonymous_7)
FNDA:0,(anonymous_8)
FNDA:0,(anonymous_9)
FNDA:0,hamburgerSentinel
FNDA:0,(anonymous_11)
FNDA:0,(anonymous_12)
DA:19,0
DA:22,0
DA:25,0
DA:26,0
DA:27,0
DA:30,0
DA:31,0
DA:36,0
DA:37,0
DA:41,0
DA:45,0
DA:46,0
DA:50,0
DA:51,0
DA:52,0
DA:57,0
DA:58,0
DA:68,0
DA:69,0
DA:70,0
DA:71,0
DA:76,0
DA:77,0
DA:78,0
DA:80,0
DA:81,0
DA:84,0
DA:85,0
DA:87,0
LF:29
LH:0
BRDA:27,0,0,0
BRDA:40,1,0,0
BRDA:52,2,0,0
BRDA:52,2,1,0
BRDA:53,3,0,0
BRDA:53,3,1,0
BRDA:71,4,0,0
BRDA:71,4,1,0
BRDA:71,5,0,0
BRDA:71,5,1,0
BRDA:77,6,0,0
BRDA:77,6,1,0
BRDA:81,7,0,0
BRDA:81,7,1,0
BRF:14
BRH:0
end_of_record
TN:
SF:lib/m3/railsMarket.ts
FN:29,registerRail
FN:33,listQuotes
FN:41,bestQuote
FN:43,(anonymous_3)
FNF:4
FNH:0
FNDA:0,registerRail
FNDA:0,listQuotes
FNDA:0,bestQuote
FNDA:0,(anonymous_3)
DA:27,0
DA:30,0
DA:34,0
DA:35,0
DA:36,0
DA:38,0
DA:42,0
DA:43,0
LF:8
LH:0
BRDA:43,0,0,0
BRDA:43,0,1,0
BRF:2
BRH:0
end_of_record
TN:
SF:lib/m3/rulers.ts
FN:36,getRulers
FN:40,setActiveRuler
FN:41,(anonymous_2)
FN:48,getActiveRuler
FNF:4
FNH:0
FNDA:0,getRulers
FNDA:0,setActiveRuler
FNDA:0,(anonymous_2)
FNDA:0,getActiveRuler
DA:10,0
DA:18,0
DA:37,0
DA:41,0
DA:42,0
DA:43,0
DA:44,0
DA:49,0
LF:8
LH:0
BRDA:42,0,0,0
BRF:1
BRH:0
end_of_record
TN:
SF:lib/m3/storm.ts
FN:13,applyStorm
FN:22,clearStorm
FN:31,getStorm
FNF:3
FNH:0
FNDA:0,applyStorm
FNDA:0,clearStorm
FNDA:0,getStorm
DA:11,0
DA:14,0
DA:15,0
DA:23,0
DA:24,0
DA:32,0
LF:6
LH:0
BRF:0
BRH:0
end_of_record
TN:
SF:lib/m3/studio.ts
FN:22,renderStudio
FN:33,(anonymous_1)
FN:38,(anonymous_2)
FN:39,(anonymous_3)
FN:85,toposort
FN:86,(anonymous_5)
FN:88,(anonymous_6)
FN:91,(anonymous_7)
FN:102,(anonymous_8)
FN:109,(anonymous_9)
FN:114,modeColour
FNF:11
FNH:0
FNDA:0,renderStudio
FNDA:0,(anonymous_1)
FNDA:0,(anonymous_2)
FNDA:0,(anonymous_3)
FNDA:0,toposort
FNDA:0,(anonymous_5)
FNDA:0,(anonymous_6)
FNDA:0,(anonymous_7)
FNDA:0,(anonymous_8)
FNDA:0,(anonymous_9)
FNDA:0,modeColour
DA:23,0
DA:24,0
DA:25,0
DA:26,0
DA:27,0
DA:28,0
DA:29,0
DA:30,0
DA:31,0
DA:32,0
DA:33,0
DA:34,0
DA:35,0
DA:36,0
DA:38,0
DA:39,0
DA:43,0
DA:44,0
DA:45,0
DA:46,0
DA:47,0
DA:48,0
DA:49,0
DA:50,0
DA:51,0
DA:52,0
DA:56,0
DA:57,0
DA:58,0
DA:59,0
DA:60,0
DA:61,0
DA:62,0
DA:63,0
DA:64,0
DA:65,0
DA:66,0
DA:67,0
DA:68,0
DA:69,0
DA:70,0
DA:71,0
DA:72,0
DA:73,0
DA:74,0
DA:75,0
DA:76,0
DA:77,0
DA:78,0
DA:79,0
DA:80,0
DA:82,0
DA:86,0
DA:87,0
DA:88,0
DA:89,0
DA:90,0
DA:91,0
DA:92,0
DA:93,0
DA:95,0
DA:96,0
DA:97,0
DA:98,0
DA:99,0
DA:100,0
DA:101,0
DA:102,0
DA:105,0
DA:109,0
DA:110,0
DA:111,0
DA:115,0
LF:73
LH:0
BRDA:46,0,0,0
BRDA:46,1,0,0
BRDA:46,1,1,0
BRDA:87,2,0,0
BRDA:87,2,1,0
BRDA:88,3,0,0
BRDA:88,3,1,0
BRDA:101,4,0,0
BRDA:101,4,1,0
BRDA:102,5,0,0
BRDA:102,6,0,0
BRDA:102,6,1,0
BRDA:110,7,0,0
BRDA:115,8,0,0
BRDA:115,8,1,0
BRDA:115,9,0,0
BRDA:115,9,1,0
BRDA:115,10,0,0
BRDA:115,10,1,0
BRF:19
BRH:0
end_of_record
TN:
SF:lib/m4/butlerHub.ts
FN:20,installButler
FN:24,listButlers
FN:28,activateButler
FN:33,getActiveButler
FNF:4
FNH:0
FNDA:0,installButler
FNDA:0,listButlers
FNDA:0,activateButler
FNDA:0,getActiveButler
DA:9,0
DA:18,0
DA:25,0
DA:29,0
DA:30,0
DA:34,0
LF:6
LH:0
BRDA:34,0,0,0
BRDA:34,0,1,0
BRDA:34,0,2,0
BRF:3
BRH:0
end_of_record
TN:
SF:lib/m4/distribution.ts
FN:12,pushDist
FN:17,getDist
FN:29,clearDist
FNF:3
FNH:0
FNDA:0,pushDist
FNDA:0,getDist
FNDA:0,clearDist
DA:9,0
DA:10,0
DA:13,0
DA:14,0
DA:18,0
DA:19,0
DA:20,0
DA:23,0
DA:24,0
DA:26,0
DA:30,0
DA:31,0
LF:12
LH:0
BRDA:20,0,0,0
BRF:1
BRH:0
end_of_record
TN:
SF:lib/m4/exportAll.ts
FN:7,exportAll
FNF:1
FNH:0
FNDA:0,exportAll
DA:8,0
DA:17,0
LF:2
LH:0
BRF:0
BRH:0
end_of_record
TN:
SF:lib/m4/providers.ts
FN:18,listIndexProviders
FN:22,chooseProvider
FN:27,getChosenProvider
FNF:3
FNH:0
FNDA:0,listIndexProviders
FNDA:0,chooseProvider
FNDA:0,getChosenProvider
DA:10,0
DA:16,0
DA:19,0
DA:23,0
DA:24,0
DA:28,0
LF:6
LH:0
BRDA:28,0,0,0
BRDA:28,0,1,0
BRDA:28,0,2,0
BRF:3
BRH:0
end_of_record
TN:
SF:lib/m4/rulesRegistry.ts
FN:12,loadRules
FN:24,getRules
FN:28,scheduleRule
FNF:3
FNH:0
FNDA:0,loadRules
FNDA:0,getRules
FNDA:0,scheduleRule
DA:9,0
DA:10,0
DA:13,0
DA:14,0
DA:15,0
DA:18,0
DA:19,0
DA:21,0
DA:25,0
DA:29,0
DA:30,0
DA:31,0
LF:12
LH:0
BRDA:15,0,0,0
BRF:1
BRH:0
end_of_record
TN:
SF:lib/m4/trials.ts
FN:14,loadTrials
FN:26,listTrials
FN:30,addTrial
FN:36,finishTrial
FN:37,(anonymous_4)
FNF:5
FNH:0
FNDA:0,loadTrials
FNDA:0,listTrials
FNDA:0,addTrial
FNDA:0,finishTrial
FNDA:0,(anonymous_4)
DA:11,0
DA:12,0
DA:15,0
DA:16,0
DA:17,0
DA:20,0
DA:21,0
DA:23,0
DA:27,0
DA:31,0
DA:32,0
DA:33,0
DA:37,0
DA:38,0
DA:39,0
DA:40,0
DA:41,0
LF:17
LH:0
BRDA:17,0,0,0
BRDA:38,1,0,0
BRF:2
BRH:0
end_of_record
TN:
SF:lib/monitoring/kpi-dashboard.ts
FN:16,(anonymous_0)
FN:18,(anonymous_1)
FN:28,(anonymous_2)
FN:35,(anonymous_3)
FN:42,(anonymous_4)
FN:43,(anonymous_5)
FN:49,(anonymous_6)
FN:54,(anonymous_7)
FN:62,(anonymous_8)
FN:73,(anonymous_9)
FN:89,(anonymous_10)
FN:90,(anonymous_11)
FN:106,(anonymous_12)
FN:113,(anonymous_13)
FN:115,(anonymous_14)
FN:125,systemHealthCheck
FNF:16
FNH:0
FNDA:0,(anonymous_0)
FNDA:0,(anonymous_1)
FNDA:0,(anonymous_2)
FNDA:0,(anonymous_3)
FNDA:0,(anonymous_4)
FNDA:0,(anonymous_5)
FNDA:0,(anonymous_6)
FNDA:0,(anonymous_7)
FNDA:0,(anonymous_8)
FNDA:0,(anonymous_9)
FNDA:0,(anonymous_10)
FNDA:0,(anonymous_11)
FNDA:0,(anonymous_12)
FNDA:0,(anonymous_13)
FNDA:0,(anonymous_14)
FNDA:0,systemHealthCheck
DA:14,0
DA:18,0
DA:19,0
DA:20,0
DA:29,0
DA:36,0
DA:43,0
DA:50,0
DA:51,0
DA:53,0
DA:54,0
DA:56,0
DA:63,0
DA:65,0
DA:66,0
DA:67,0
DA:81,0
DA:82,0
DA:84,0
DA:85,0
DA:86,0
DA:88,0
DA:89,0
DA:90,0
DA:93,0
DA:107,0
DA:114,0
DA:115,0
DA:116,0
DA:118,0
DA:130,0
DA:131,0
DA:139,0
LF:33
LH:0
BRDA:19,0,0,0
BRDA:19,1,0,0
BRDA:19,1,1,0
BRDA:51,2,0,0
BRDA:65,3,0,0
BRDA:65,3,1,0
BRDA:66,4,0,0
BRDA:66,4,1,0
BRF:8
BRH:0
end_of_record
TN:
SF:lib/monitoring/kpi-definitions.ts
FN:175,determineKPIStatus
FN:194,createKPIMetric
FNF:2
FNH:0
FNDA:0,determineKPIStatus
FNDA:0,createKPIMetric
DA:22,0
DA:176,0
DA:177,0
DA:180,0
DA:181,0
DA:184,0
DA:185,0
DA:188,0
DA:199,0
DA:200,0
DA:203,0
DA:205,0
DA:217,0
LF:13
LH:0
BRDA:177,0,0,0
BRDA:180,1,0,0
BRDA:180,2,0,0
BRDA:180,2,1,0
BRDA:181,3,0,0
BRDA:181,4,0,0
BRDA:181,4,1,0
BRDA:184,5,0,0
BRDA:184,6,0,0
BRDA:184,6,1,0
BRDA:185,7,0,0
BRDA:185,8,0,0
BRDA:185,8,1,0
BRDA:197,9,0,0
BRDA:203,10,0,0
BRDA:203,10,1,0
BRDA:203,10,2,0
BRF:17
BRH:0
end_of_record
TN:
SF:lib/monitoring/kpi-monitoring.ts
FN:17,(anonymous_0)
FN:22,(anonymous_1)
FN:31,(anonymous_2)
FN:41,(anonymous_3)
FN:51,(anonymous_4)
FN:69,(anonymous_5)
FN:74,(anonymous_6)
FN:84,(anonymous_7)
FN:105,(anonymous_8)
FN:127,(anonymous_9)
FNF:10
FNH:0
FNDA:0,(anonymous_0)
FNDA:0,(anonymous_1)
FNDA:0,(anonymous_2)
FNDA:0,(anonymous_3)
FNDA:0,(anonymous_4)
FNDA:0,(anonymous_5)
FNDA:0,(anonymous_6)
FNDA:0,(anonymous_7)
FNDA:0,(anonymous_8)
FNDA:0,(anonymous_9)
DA:14,0
DA:15,0
DA:17,0
DA:23,0
DA:24,0
DA:25,0
DA:28,0
DA:31,0
DA:32,0
DA:33,0
DA:34,0
DA:36,0
DA:41,0
DA:42,0
DA:43,0
DA:44,0
DA:46,0
DA:51,0
DA:52,0
DA:53,0
DA:54,0
DA:55,0
DA:57,0
DA:61,0
DA:63,0
DA:70,0
DA:71,0
DA:74,0
DA:75,0
DA:76,0
DA:78,0
DA:85,0
DA:87,0
DA:95,0
DA:106,0
DA:108,0
DA:109,0
DA:110,0
DA:114,0
DA:115,0
DA:116,0
DA:120,0
DA:128,0
LF:43
LH:0
BRDA:23,0,0,0
BRDA:70,1,0,0
BRDA:85,2,0,0
BRDA:85,2,1,0
BRDA:85,3,0,0
BRDA:85,3,1,0
BRDA:106,4,0,0
BRDA:106,4,1,0
BRDA:106,4,2,0
BRF:9
BRH:0
end_of_record
TN:
SF:lib/monitoring/performance-collector.ts
FN:12,(anonymous_0)
FN:19,(anonymous_1)
FN:26,(anonymous_2)
FN:38,(anonymous_3)
FN:52,(anonymous_4)
FN:65,(anonymous_5)
FN:73,(anonymous_6)
FN:74,(anonymous_7)
FN:86,(anonymous_8)
FN:94,(anonymous_9)
FN:102,(anonymous_10)
FN:105,(anonymous_11)
FN:126,(anonymous_12)
FN:127,(anonymous_13)
FN:137,(anonymous_14)
FN:166,(anonymous_15)
FNF:16
FNH:0
FNDA:0,(anonymous_0)
FNDA:0,(anonymous_1)
FNDA:0,(anonymous_2)
FNDA:0,(anonymous_3)
FNDA:0,(anonymous_4)
FNDA:0,(anonymous_5)
FNDA:0,(anonymous_6)
FNDA:0,(anonymous_7)
FNDA:0,(anonymous_8)
FNDA:0,(anonymous_9)
FNDA:0,(anonymous_10)
FNDA:0,(anonymous_11)
FNDA:0,(anonymous_12)
FNDA:0,(anonymous_13)
FNDA:0,(anonymous_14)
FNDA:0,(anonymous_15)
DA:13,0
DA:14,0
DA:20,0
DA:27,0
DA:28,0
DA:30,0
DA:31,0
DA:32,0
DA:39,0
DA:40,0
DA:43,0
DA:44,0
DA:47,0
DA:48,0
DA:52,0
DA:53,0
DA:55,0
DA:57,0
DA:66,0
DA:68,0
DA:69,0
DA:71,0
DA:73,0
DA:74,0
DA:76,0
DA:78,0
DA:79,0
DA:80,0
DA:88,0
DA:91,0
DA:94,0
DA:95,0
DA:103,0
DA:105,0
DA:106,0
DA:108,0
DA:109,0
DA:110,0
DA:112,0
DA:114,0
DA:116,0
DA:117,0
DA:118,0
DA:127,0
DA:129,0
DA:130,0
DA:139,0
DA:140,0
DA:141,0
DA:142,0
DA:144,0
DA:147,0
DA:148,0
DA:149,0
DA:150,0
DA:151,0
DA:152,0
DA:153,0
DA:156,0
DA:157,0
DA:158,0
DA:159,0
DA:167,0
DA:168,0
DA:173,0
LF:65
LH:0
BRDA:28,0,0,0
BRDA:39,1,0,0
BRDA:47,2,0,0
BRDA:66,3,0,0
BRDA:71,4,0,0
BRDA:78,5,0,0
BRDA:79,6,0,0
BRDA:157,7,0,0
BRF:8
BRH:0
end_of_record
TN:
SF:lib/plugins/index.ts
FN:24,registerBuiltInPlugins
FN:43,initializePluginSystem
FNF:2
FNH:0
FNDA:0,registerBuiltInPlugins
FNDA:0,initializePluginSystem
DA:25,0
DA:27,0
DA:29,0
DA:30,0
DA:31,0
DA:33,0
DA:35,0
DA:36,0
DA:44,0
DA:47,0
DA:50,0
LF:11
LH:0
BRF:0
BRH:0
end_of_record
TN:
SF:lib/plugins/plugin-manager.ts
FN:17,(anonymous_0)
FN:23,(anonymous_1)
FN:52,(anonymous_2)
FN:59,(anonymous_3)
FN:75,(anonymous_4)
FN:83,(anonymous_5)
FN:91,(anonymous_6)
FN:99,(anonymous_7)
FN:117,(anonymous_8)
FN:132,(anonymous_9)
FN:135,(anonymous_10)
FN:136,(anonymous_11)
FN:143,(anonymous_12)
FN:150,(anonymous_13)
FN:157,(anonymous_14)
FN:178,(anonymous_15)
FN:191,(anonymous_16)
FN:192,(anonymous_17)
FN:193,(anonymous_18)
FN:198,(anonymous_19)
FN:201,(anonymous_20)
FN:216,(anonymous_21)
FN:232,(anonymous_22)
FN:235,(anonymous_23)
FN:236,(anonymous_24)
FNF:25
FNH:0
FNDA:0,(anonymous_0)
FNDA:0,(anonymous_1)
FNDA:0,(anonymous_2)
FNDA:0,(anonymous_3)
FNDA:0,(anonymous_4)
FNDA:0,(anonymous_5)
FNDA:0,(anonymous_6)
FNDA:0,(anonymous_7)
FNDA:0,(anonymous_8)
FNDA:0,(anonymous_9)
FNDA:0,(anonymous_10)
FNDA:0,(anonymous_11)
FNDA:0,(anonymous_12)
FNDA:0,(anonymous_13)
FNDA:0,(anonymous_14)
FNDA:0,(anonymous_15)
FNDA:0,(anonymous_16)
FNDA:0,(anonymous_17)
FNDA:0,(anonymous_18)
FNDA:0,(anonymous_19)
FNDA:0,(anonymous_20)
FNDA:0,(anonymous_21)
FNDA:0,(anonymous_22)
FNDA:0,(anonymous_23)
FNDA:0,(anonymous_24)
DA:18,0
DA:24,0
DA:25,0
DA:26,0
DA:29,0
DA:30,0
DA:33,0
DA:36,0
DA:39,0
DA:41,0
DA:42,0
DA:44,0
DA:45,0
DA:53,0
DA:60,0
DA:63,0
DA:66,0
DA:67,0
DA:69,0
DA:76,0
DA:77,0
DA:84,0
DA:85,0
DA:92,0
DA:93,0
DA:105,0
DA:106,0
DA:108,0
DA:117,0
DA:118,0
DA:121,0
DA:133,0
DA:135,0
DA:136,0
DA:144,0
DA:151,0
DA:158,0
DA:161,0
DA:162,0
DA:164,0
DA:165,0
DA:169,0
DA:170,0
DA:179,0
DA:191,0
DA:192,0
DA:194,0
DA:199,0
DA:202,0
DA:203,0
DA:204,0
DA:205,0
DA:207,0
DA:233,0
DA:235,0
DA:236,0
DA:238,0
DA:239,0
DA:240,0
DA:241,0
DA:243,0
DA:250,0
LF:62
LH:0
BRDA:24,0,0,0
BRDA:201,1,0,0
BRDA:202,2,0,0
BRDA:202,2,1,0
BRDA:204,3,0,0
BRDA:204,3,1,0
BRF:6
BRH:0
end_of_record
TN:
SF:lib/plugins/plugin-registry.ts
FN:18,(anonymous_0)
FN:27,(anonymous_1)
FN:61,(anonymous_2)
FN:91,(anonymous_3)
FN:129,(anonymous_4)
FN:168,(anonymous_5)
FN:203,(anonymous_6)
FN:210,(anonymous_7)
FN:222,(anonymous_8)
FN:223,(anonymous_9)
FN:229,(anonymous_10)
FN:230,(anonymous_11)
FN:236,(anonymous_12)
FN:238,(anonymous_13)
FN:239,(anonymous_14)
FN:245,(anonymous_15)
FN:267,(anonymous_16)
FN:273,(anonymous_17)
FN:291,(anonymous_18)
FN:307,(anonymous_19)
FNF:20
FNH:0
FNDA:0,(anonymous_0)
FNDA:0,(anonymous_1)
FNDA:0,(anonymous_2)
FNDA:0,(anonymous_3)
FNDA:0,(anonymous_4)
FNDA:0,(anonymous_5)
FNDA:0,(anonymous_6)
FNDA:0,(anonymous_7)
FNDA:0,(anonymous_8)
FNDA:0,(anonymous_9)
FNDA:0,(anonymous_10)
FNDA:0,(anonymous_11)
FNDA:0,(anonymous_12)
FNDA:0,(anonymous_13)
FNDA:0,(anonymous_14)
FNDA:0,(anonymous_15)
FNDA:0,(anonymous_16)
FNDA:0,(anonymous_17)
FNDA:0,(anonymous_18)
FNDA:0,(anonymous_19)
DA:19,0
DA:20,0
DA:21,0
DA:22,0
DA:28,0
DA:30,0
DA:31,0
DA:35,0
DA:38,0
DA:39,0
DA:45,0
DA:46,0
DA:50,0
DA:51,0
DA:54,0
DA:55,0
DA:62,0
DA:63,0
DA:66,0
DA:67,0
DA:71,0
DA:72,0
DA:73,0
DA:75,0
DA:80,0
DA:81,0
DA:82,0
DA:83,0
DA:85,0
DA:92,0
DA:93,0
DA:94,0
DA:97,0
DA:98,0
DA:99,0
DA:102,0
DA:104,0
DA:107,0
DA:108,0
DA:112,0
DA:114,0
DA:115,0
DA:117,0
DA:121,0
DA:122,0
DA:130,0
DA:131,0
DA:132,0
DA:135,0
DA:136,0
DA:137,0
DA:140,0
DA:141,0
DA:144,0
DA:146,0
DA:147,0
DA:151,0
DA:153,0
DA:154,0
DA:156,0
DA:160,0
DA:161,0
DA:169,0
DA:170,0
DA:171,0
DA:174,0
DA:175,0
DA:176,0
DA:179,0
DA:181,0
DA:182,0
DA:186,0
DA:188,0
DA:189,0
DA:191,0
DA:195,0
DA:196,0
DA:204,0
DA:211,0
DA:223,0
DA:230,0
DA:237,0
DA:238,0
DA:239,0
DA:246,0
DA:247,0
DA:248,0
DA:252,0
DA:253,0
DA:254,0
DA:257,0
DA:258,0
DA:261,0
DA:268,0
DA:274,0
DA:275,0
DA:278,0
DA:279,0
DA:282,0
DA:283,0
DA:286,0
DA:287,0
DA:292,0
DA:293,0
DA:295,0
DA:296,0
DA:297,0
DA:300,0
DA:301,0
DA:302,0
DA:308,0
DA:309,0
DA:318,0
LF:113
LH:0
BRDA:30,0,0,0
BRDA:45,1,0,0
BRDA:50,2,0,0
BRDA:63,3,0,0
BRDA:66,4,0,0
BRDA:71,5,0,0
BRDA:93,6,0,0
BRDA:98,7,0,0
BRDA:107,8,0,0
BRDA:131,9,0,0
BRDA:136,10,0,0
BRDA:140,11,0,0
BRDA:146,12,0,0
BRDA:170,13,0,0
BRDA:175,14,0,0
BRDA:181,15,0,0
BRDA:181,16,0,0
BRDA:181,16,1,0
BRDA:204,17,0,0
BRDA:204,17,1,0
BRDA:212,18,0,0
BRDA:212,18,1,0
BRDA:247,19,0,0
BRDA:252,20,0,0
BRDA:252,20,1,0
BRDA:257,21,0,0
BRDA:268,22,0,0
BRDA:268,22,1,0
BRDA:274,23,0,0
BRDA:278,24,0,0
BRDA:282,25,0,0
BRDA:286,26,0,0
BRDA:293,27,0,0
BRDA:296,28,0,0
BRDA:301,29,0,0
BRDA:301,30,0,0
BRDA:301,30,1,0
BRF:37
BRH:0
end_of_record
TN:
SF:lib/plugins/built-in/flow-extension-plugin.ts
FN:9,(anonymous_0)
FN:27,(anonymous_1)
FN:36,(anonymous_2)
FN:54,(anonymous_3)
FN:69,(anonymous_4)
FN:72,(anonymous_5)
FN:84,(anonymous_6)
FN:102,(anonymous_7)
FN:110,(anonymous_8)
FN:118,(anonymous_9)
FN:126,(anonymous_10)
FNF:11
FNH:0
FNDA:0,(anonymous_0)
FNDA:0,(anonymous_1)
FNDA:0,(anonymous_2)
FNDA:0,(anonymous_3)
FNDA:0,(anonymous_4)
FNDA:0,(anonymous_5)
FNDA:0,(anonymous_6)
FNDA:0,(anonymous_7)
FNDA:0,(anonymous_8)
FNDA:0,(anonymous_9)
FNDA:0,(anonymous_10)
DA:10,0
DA:28,0
DA:31,0
DA:32,0
DA:37,0
DA:39,0
DA:40,0
DA:43,0
DA:44,0
DA:47,0
DA:48,0
DA:51,0
DA:56,0
DA:66,0
DA:70,0
DA:74,0
DA:86,0
DA:87,0
DA:90,0
DA:92,0
DA:103,0
DA:104,0
DA:112,0
DA:120,0
DA:127,0
LF:25
LH:0
BRDA:31,0,0,0
BRDA:39,1,0,0
BRDA:43,2,0,0
BRDA:47,3,0,0
BRDA:86,4,0,0
BRDA:86,4,1,0
BRDA:87,5,0,0
BRDA:87,5,1,0
BRF:8
BRH:0
end_of_record
TN:
SF:lib/plugins/built-in/notification-plugin.ts
FN:9,(anonymous_0)
FN:27,(anonymous_1)
FN:31,(anonymous_2)
FN:36,(anonymous_3)
FN:41,(anonymous_4)
FN:47,(anonymous_5)
FN:51,(anonymous_6)
FNF:7
FNH:0
FNDA:0,(anonymous_0)
FNDA:0,(anonymous_1)
FNDA:0,(anonymous_2)
FNDA:0,(anonymous_3)
FNDA:0,(anonymous_4)
FNDA:0,(anonymous_5)
FNDA:0,(anonymous_6)
DA:10,0
DA:28,0
DA:32,0
DA:33,0
DA:37,0
DA:38,0
DA:44,0
DA:48,0
DA:52,0
LF:9
LH:0
BRF:0
BRH:0
end_of_record
TN:
SF:lib/plugins/built-in/ui-components-plugin.ts
FN:14,(anonymous_0)
FN:44,(anonymous_1)
FN:54,(anonymous_2)
FN:93,(anonymous_3)
FN:101,(anonymous_4)
FN:112,(anonymous_5)
FN:117,(anonymous_6)
FN:123,(anonymous_7)
FNF:8
FNH:0
FNDA:0,(anonymous_0)
FNDA:0,(anonymous_1)
FNDA:0,(anonymous_2)
FNDA:0,(anonymous_3)
FNDA:0,(anonymous_4)
FNDA:0,(anonymous_5)
FNDA:0,(anonymous_6)
FNDA:0,(anonymous_7)
DA:15,0
DA:42,0
DA:45,0
DA:48,0
DA:49,0
DA:50,0
DA:55,0
DA:58,0
DA:59,0
DA:60,0
DA:63,0
DA:64,0
DA:65,0
DA:68,0
DA:69,0
DA:70,0
DA:73,0
DA:74,0
DA:75,0
DA:78,0
DA:79,0
DA:80,0
DA:83,0
DA:84,0
DA:85,0
DA:88,0
DA:90,0
DA:96,0
DA:98,0
DA:103,0
DA:114,0
DA:120,0
DA:124,0
LF:33
LH:0
BRDA:49,0,0,0
BRDA:58,1,0,0
BRDA:63,2,0,0
BRDA:68,3,0,0
BRDA:73,4,0,0
BRDA:78,5,0,0
BRDA:83,6,0,0
BRF:7
BRH:0
end_of_record
TN:
SF:lib/services/cohort-auctions.ts
FN:21,createCohortAuction
FN:48,joinCohortAuction
FN:54,(anonymous_2)
FN:98,getActiveAuctions
FN:100,(anonymous_4)
FNF:5
FNH:0
FNDA:0,createCohortAuction
FNDA:0,joinCohortAuction
FNDA:0,(anonymous_2)
FNDA:0,getActiveAuctions
FNDA:0,(anonymous_4)
DA:25,0
DA:38,0
DA:39,0
DA:40,0
DA:42,0
DA:53,0
DA:54,0
DA:56,0
DA:57,0
DA:60,0
DA:61,0
DA:65,0
DA:66,0
DA:67,0
DA:69,0
DA:71,0
DA:79,0
DA:80,0
DA:83,0
DA:85,0
DA:99,0
DA:100,0
LF:22
LH:0
BRDA:23,0,0,0
BRDA:38,1,0,0
BRDA:38,1,1,0
BRDA:53,2,0,0
BRDA:53,2,1,0
BRDA:56,3,0,0
BRDA:60,4,0,0
BRDA:69,5,0,0
BRDA:99,6,0,0
BRDA:99,6,1,0
BRDA:100,7,0,0
BRDA:100,7,1,0
BRF:12
BRH:0
end_of_record
TN:
SF:lib/services/hamburger.ts
FN:27,createHamburgerBasket
FN:51,publishBasket
FN:53,(anonymous_2)
FN:72,calculateHamburgerInflation
FN:79,(anonymous_4)
FN:85,(anonymous_5)
FN:86,(anonymous_6)
FN:96,getStoredBaskets
FNF:8
FNH:0
FNDA:0,createHamburgerBasket
FNDA:0,publishBasket
FNDA:0,(anonymous_2)
FNDA:0,calculateHamburgerInflation
FNDA:0,(anonymous_4)
FNDA:0,(anonymous_5)
FNDA:0,(anonymous_6)
FNDA:0,getStoredBaskets
DA:31,0
DA:41,0
DA:42,0
DA:43,0
DA:45,0
DA:52,0
DA:53,0
DA:55,0
DA:56,0
DA:59,0
DA:60,0
DA:63,0
DA:66,0
DA:78,0
DA:79,0
DA:81,0
DA:82,0
DA:85,0
DA:86,0
DA:87,0
DA:88,0
DA:90,0
DA:97,0
LF:23
LH:0
BRDA:55,0,0,0
BRDA:81,1,0,0
BRDA:97,2,0,0
BRDA:97,2,1,0
BRF:4
BRH:0
end_of_record
TN:
SF:lib/services/index-commons.ts
FN:17,(anonymous_0)
FN:22,(anonymous_1)
FN:23,(anonymous_2)
FN:26,(anonymous_3)
FN:27,(anonymous_4)
FN:32,(anonymous_5)
FN:44,(anonymous_6)
FN:47,(anonymous_7)
FN:56,(anonymous_8)
FN:57,(anonymous_9)
FN:61,(anonymous_10)
FN:64,(anonymous_11)
FN:69,(anonymous_12)
FN:70,(anonymous_13)
FN:74,(anonymous_14)
FNF:15
FNH:0
FNDA:0,(anonymous_0)
FNDA:0,(anonymous_1)
FNDA:0,(anonymous_2)
FNDA:0,(anonymous_3)
FNDA:0,(anonymous_4)
FNDA:0,(anonymous_5)
FNDA:0,(anonymous_6)
FNDA:0,(anonymous_7)
FNDA:0,(anonymous_8)
FNDA:0,(anonymous_9)
FNDA:0,(anonymous_10)
FNDA:0,(anonymous_11)
FNDA:0,(anonymous_12)
FNDA:0,(anonymous_13)
FNDA:0,(anonymous_14)
DA:18,0
DA:19,0
DA:20,0
DA:23,0
DA:24,0
DA:26,0
DA:27,0
DA:28,0
DA:29,0
DA:32,0
DA:33,0
DA:35,0
DA:36,0
DA:37,0
DA:38,0
DA:45,0
DA:47,0
DA:48,0
DA:49,0
DA:51,0
DA:56,0
DA:57,0
DA:62,0
DA:64,0
DA:65,0
DA:66,0
DA:68,0
DA:69,0
DA:70,0
DA:75,0
DA:76,0
DA:88,0
LF:32
LH:0
BRDA:35,0,0,0
BRDA:45,1,0,0
BRDA:53,2,0,0
BRDA:53,2,1,0
BRDA:62,3,0,0
BRF:5
BRH:0
end_of_record
TN:
SF:lib/services/money-veil.ts
FN:18,calculateMoneyVeil
FN:50,calculateLocalLTS
FNF:2
FNH:0
FNDA:0,calculateMoneyVeil
FNDA:0,calculateLocalLTS
DA:24,0
DA:25,0
DA:26,0
DA:29,0
DA:32,0
DA:33,0
DA:34,0
DA:37,0
DA:39,0
DA:52,0
LF:10
LH:0
BRF:0
BRH:0
end_of_record
TN:
SF:lib/services/rulers.ts
FN:21,getRulers
FN:59,switchRuler
FN:61,(anonymous_2)
FN:81,getActiveRuler
FN:83,(anonymous_4)
FN:89,getActiveRulerId
FN:94,calculateLocalLTS
FN:99,calculateCohortLTS
FNF:8
FNH:0
FNDA:0,getRulers
FNDA:0,switchRuler
FNDA:0,(anonymous_2)
FNDA:0,getActiveRuler
FNDA:0,(anonymous_4)
FNDA:0,getActiveRulerId
FNDA:0,calculateLocalLTS
FNDA:0,calculateCohortLTS
DA:16,0
DA:22,0
DA:24,0
DA:60,0
DA:61,0
DA:63,0
DA:64,0
DA:67,0
DA:68,0
DA:71,0
DA:82,0
DA:83,0
DA:90,0
DA:96,0
DA:101,0
LF:15
LH:0
BRDA:16,0,0,0
BRDA:16,0,1,0
BRDA:63,1,0,0
BRDA:83,2,0,0
BRDA:83,2,1,0
BRF:5
BRH:0
end_of_record
TN:
SF:lib/services/smart-contracts.ts
FN:31,createSmartContract
FN:77,generatePDFReceipt
FN:107,(anonymous_2)
FN:147,(anonymous_3)
FN:171,downloadPDFReceipt
FN:185,getStoredContracts
FN:198,signContract
FN:200,(anonymous_7)
FN:212,canUndoContract
FN:214,(anonymous_9)
FN:224,undoContract
FN:228,(anonymous_11)
FNF:12
FNH:12
FNDA:11,createSmartContract
FNDA:11,generatePDFReceipt
FNDA:66,(anonymous_2)
FNDA:55,(anonymous_3)
FNDA:1,downloadPDFReceipt
FNDA:15,getStoredContracts
FNDA:2,signContract
FNDA:2,(anonymous_7)
FNDA:4,canUndoContract
FNDA:4,(anonymous_9)
FNDA:2,undoContract
FNDA:1,(anonymous_11)
DA:6,1
DA:31,1
DA:36,11
DA:42,11
DA:57,11
DA:58,11
DA:61,11
DA:62,11
DA:63,11
DA:65,11
DA:78,11
DA:81,11
DA:82,11
DA:83,11
DA:86,11
DA:87,11
DA:88,11
DA:91,11
DA:92,11
DA:93,11
DA:95,11
DA:96,11
DA:98,11
DA:107,11
DA:108,66
DA:109,66
DA:110,66
DA:111,66
DA:112,66
DA:116,11
DA:117,11
DA:118,11
DA:119,11
DA:121,11
DA:122,11
DA:123,11
DA:126,11
DA:127,11
DA:128,11
DA:131,11
DA:132,11
DA:133,11
DA:135,11
DA:136,11
DA:137,11
DA:139,11
DA:147,11
DA:148,55
DA:149,55
DA:150,55
DA:151,55
DA:152,55
DA:156,11
DA:157,11
DA:158,11
DA:159,11
DA:160,11
DA:161,11
DA:164,11
DA:165,11
DA:171,1
DA:172,1
DA:173,1
DA:174,1
DA:175,1
DA:176,1
DA:177,1
DA:178,1
DA:179,1
DA:185,1
DA:186,15
DA:187,15
DA:188,14
DA:190,1
DA:191,1
DA:198,1
DA:199,2
DA:200,2
DA:202,2
DA:204,1
DA:205,1
DA:206,1
DA:212,1
DA:213,4
DA:214,4
DA:216,4
DA:218,4
DA:224,1
DA:225,2
DA:227,1
DA:228,1
DA:229,1
DA:230,1
LF:93
LH:93
BRDA:48,0,0,11
BRDA:48,0,1,9
BRDA:49,1,0,11
BRDA:49,1,1,10
BRDA:61,2,0,11
BRDA:61,2,1,10
BRDA:141,3,0,11
BRDA:141,3,1,9
BRDA:142,4,0,11
BRDA:142,4,1,10
BRDA:143,5,0,10
BRDA:143,5,1,1
BRDA:187,6,0,15
BRDA:187,6,1,1
BRDA:202,7,0,1
BRDA:216,8,0,0
BRDA:225,9,0,1
BRF:17
BRH:16
end_of_record
TN:
SF:lib/services/storm-mode.ts
FN:29,createStormProfile
FN:46,activateStormMode
FN:52,(anonymous_2)
FN:86,deactivateStormMode
FN:105,getActiveStormProfile
FN:112,getStormProfiles
FNF:6
FNH:0
FNDA:0,createStormProfile
FNDA:0,activateStormMode
FNDA:0,(anonymous_2)
FNDA:0,deactivateStormMode
FNDA:0,getActiveStormProfile
FNDA:0,getStormProfiles
DA:24,0
DA:30,0
DA:36,0
DA:37,0
DA:38,0
DA:40,0
DA:51,0
DA:52,0
DA:54,0
DA:55,0
DA:59,0
DA:63,0
DA:66,0
DA:67,0
DA:69,0
DA:76,0
DA:87,0
DA:88,0
DA:92,0
DA:93,0
DA:95,0
DA:98,0
DA:99,0
DA:106,0
DA:113,0
LF:25
LH:0
BRDA:36,0,0,0
BRDA:36,0,1,0
BRDA:51,1,0,0
BRDA:51,1,1,0
BRDA:54,2,0,0
BRDA:87,3,0,0
BRDA:93,4,0,0
BRDA:106,5,0,0
BRDA:106,5,1,0
BRDA:113,6,0,0
BRDA:113,6,1,0
BRF:11
BRH:0
end_of_record
TN:
SF:lib/services/weekly-digest.ts
FN:16,generateWeeklyDigest
FNF:1
FNH:0
FNDA:0,generateWeeklyDigest
DA:17,0
DA:18,0
DA:20,0
LF:3
LH:0
BRF:0
BRH:0
end_of_record
TN:
SF:lib/ui/boot.ts
FN:16,bootUI
FN:40,(anonymous_1)
FN:50,(anonymous_2)
FNF:3
FNH:0
FNDA:0,bootUI
FNDA:0,(anonymous_1)
FNDA:0,(anonymous_2)
DA:10,0
DA:11,0
DA:12,0
DA:13,0
DA:17,0
DA:18,0
DA:19,0
DA:22,0
DA:23,0
DA:24,0
DA:26,0
DA:27,0
DA:34,0
DA:39,0
DA:40,0
DA:41,0
DA:42,0
DA:43,0
DA:45,0
DA:46,0
DA:50,0
DA:51,0
LF:22
LH:0
BRDA:16,0,0,0
BRDA:16,1,0,0
BRDA:18,2,0,0
BRDA:30,3,0,0
BRDA:30,3,1,0
BRDA:39,4,0,0
BRDA:42,5,0,0
BRDA:42,5,1,0
BRF:8
BRH:0
end_of_record
TN:
SF:lib/ui/cohort-engine.ts
FN:11,setupCohortEngine
FN:19,(anonymous_1)
FN:32,addCohortOpportunities
FN:48,createCohortOpportunity
FN:85,(anonymous_4)
FN:86,(anonymous_5)
FN:91,showCohortJoinModal
FN:157,(anonymous_7)
FN:177,(anonymous_8)
FN:193,(anonymous_9)
FN:194,(anonymous_10)
FN:197,(anonymous_11)
FN:202,showCohortCreationModal
FN:237,(anonymous_13)
FN:255,(anonymous_14)
FN:256,(anonymous_15)
FN:260,showCohortResult
FN:297,(anonymous_17)
FN:298,(anonymous_18)
FN:303,startCohortMonitoring
FN:311,updateCohortDisplays
FN:313,(anonymous_21)
FN:326,showNotification
FN:332,(anonymous_23)
FNF:24
FNH:0
FNDA:0,setupCohortEngine
FNDA:0,(anonymous_1)
FNDA:0,addCohortOpportunities
FNDA:0,createCohortOpportunity
FNDA:0,(anonymous_4)
FNDA:0,(anonymous_5)
FNDA:0,showCohortJoinModal
FNDA:0,(anonymous_7)
FNDA:0,(anonymous_8)
FNDA:0,(anonymous_9)
FNDA:0,(anonymous_10)
FNDA:0,(anonymous_11)
FNDA:0,showCohortCreationModal
FNDA:0,(anonymous_13)
FNDA:0,(anonymous_14)
FNDA:0,(anonymous_15)
FNDA:0,showCohortResult
FNDA:0,(anonymous_17)
FNDA:0,(anonymous_18)
FNDA:0,startCohortMonitoring
FNDA:0,updateCohortDisplays
FNDA:0,(anonymous_21)
FNDA:0,showNotification
FNDA:0,(anonymous_23)
DA:13,0
DA:16,0
DA:19,0
DA:20,0
DA:22,0
DA:23,0
DA:24,0
DA:26,0
DA:27,0
DA:34,0
DA:35,0
DA:36,0
DA:37,0
DA:41,0
DA:42,0
DA:43,0
DA:44,0
DA:49,0
DA:50,0
DA:51,0
DA:82,0
DA:83,0
DA:85,0
DA:86,0
DA:88,0
DA:92,0
DA:93,0
DA:94,0
DA:149,0
DA:152,0
DA:153,0
DA:154,0
DA:155,0
DA:157,0
DA:158,0
DA:159,0
DA:161,0
DA:163,0
DA:164,0
DA:166,0
DA:167,0
DA:169,0
DA:170,0
DA:174,0
DA:175,0
DA:177,0
DA:178,0
DA:180,0
DA:181,0
DA:182,0
DA:184,0
DA:185,0
DA:190,0
DA:191,0
DA:193,0
DA:194,0
DA:197,0
DA:198,0
DA:203,0
DA:204,0
DA:205,0
DA:232,0
DA:234,0
DA:235,0
DA:237,0
DA:238,0
DA:240,0
DA:241,0
DA:242,0
DA:243,0
DA:244,0
DA:246,0
DA:247,0
DA:252,0
DA:253,0
DA:255,0
DA:256,0
DA:261,0
DA:262,0
DA:263,0
DA:294,0
DA:296,0
DA:297,0
DA:298,0
DA:299,0
DA:305,0
DA:308,0
DA:312,0
DA:313,0
DA:315,0
DA:316,0
DA:317,0
DA:319,0
DA:320,0
DA:321,0
DA:322,0
DA:327,0
DA:328,0
DA:329,0
DA:330,0
DA:332,0
LF:101
LH:0
BRDA:35,0,0,0
BRDA:35,1,0,0
BRDA:35,1,1,0
BRDA:42,2,0,0
BRDA:42,3,0,0
BRDA:42,3,1,0
BRDA:161,4,0,0
BRDA:161,5,0,0
BRDA:161,5,1,0
BRDA:198,6,0,0
BRDA:238,7,0,0
BRDA:238,7,1,0
BRDA:266,8,0,0
BRDA:266,8,1,0
BRDA:272,9,0,0
BRDA:272,9,1,0
BRDA:299,10,0,0
BRDA:319,11,0,0
BRDA:321,12,0,0
BRDA:322,13,0,0
BRDA:326,14,0,0
BRF:21
BRH:0
end_of_record
TN:
SF:lib/ui/dev-switcher.ts
FN:4,addDevSwitcher
FN:101,(anonymous_1)
FN:105,(anonymous_2)
FN:109,(anonymous_3)
FNF:4
FNH:0
FNDA:0,addDevSwitcher
FNDA:0,(anonymous_1)
FNDA:0,(anonymous_2)
FNDA:0,(anonymous_3)
DA:6,0
DA:8,0
DA:9,0
DA:11,0
DA:14,0
DA:15,0
DA:97,0
DA:100,0
DA:101,0
DA:102,0
DA:103,0
DA:104,0
DA:105,0
DA:106,0
DA:109,0
DA:110,0
DA:113,0
DA:114,0
DA:115,0
DA:117,0
DA:118,0
DA:120,0
DA:123,0
DA:124,0
DA:127,0
LF:25
LH:0
BRDA:6,0,0,0
BRDA:9,1,0,0
BRDA:104,2,0,0
BRDA:104,2,1,0
BRDA:106,3,0,0
BRF:5
BRH:0
end_of_record
TN:
SF:lib/ui/hamburger-sentinel.ts
FN:12,setupHamburgerSentinel
FN:33,createHamburgerContainer
FN:69,setupHamburgerEventHandlers
FN:77,(anonymous_3)
FN:82,(anonymous_4)
FN:91,(anonymous_5)
FN:94,(anonymous_6)
FN:111,(anonymous_7)
FN:131,addBasketItem
FN:152,(anonymous_9)
FN:155,loadHamburgerBaskets
FN:168,(anonymous_11)
FN:216,showNotification
FN:222,(anonymous_13)
FNF:14
FNH:0
FNDA:0,setupHamburgerSentinel
FNDA:0,createHamburgerContainer
FNDA:0,setupHamburgerEventHandlers
FNDA:0,(anonymous_3)
FNDA:0,(anonymous_4)
FNDA:0,(anonymous_5)
FNDA:0,(anonymous_6)
FNDA:0,(anonymous_7)
FNDA:0,addBasketItem
FNDA:0,(anonymous_9)
FNDA:0,loadHamburgerBaskets
FNDA:0,(anonymous_11)
FNDA:0,showNotification
FNDA:0,(anonymous_13)
DA:14,0
DA:17,0
DA:18,0
DA:19,0
DA:23,0
DA:26,0
DA:29,0
DA:30,0
DA:34,0
DA:35,0
DA:36,0
DA:66,0
DA:70,0
DA:71,0
DA:72,0
DA:73,0
DA:74,0
DA:75,0
DA:77,0
DA:78,0
DA:79,0
DA:82,0
DA:83,0
DA:84,0
DA:85,0
DA:86,0
DA:89,0
DA:91,0
DA:92,0
DA:93,0
DA:95,0
DA:96,0
DA:97,0
DA:98,0
DA:99,0
DA:101,0
DA:111,0
DA:113,0
DA:114,0
DA:115,0
DA:116,0
DA:117,0
DA:118,0
DA:119,0
DA:120,0
DA:122,0
DA:123,0
DA:126,0
DA:132,0
DA:133,0
DA:135,0
DA:136,0
DA:137,0
DA:148,0
DA:151,0
DA:152,0
DA:156,0
DA:157,0
DA:159,0
DA:160,0
DA:162,0
DA:163,0
DA:164,0
DA:167,0
DA:169,0
DA:170,0
DA:172,0
DA:209,0
DA:211,0
DA:212,0
DA:217,0
DA:218,0
DA:219,0
DA:220,0
DA:222,0
LF:75
LH:0
BRDA:18,0,0,0
BRDA:18,1,0,0
BRDA:18,1,1,0
BRDA:86,2,0,0
BRDA:102,3,0,0
BRDA:102,3,1,0
BRDA:103,4,0,0
BRDA:103,4,1,0
BRDA:104,5,0,0
BRDA:104,5,1,0
BRDA:105,6,0,0
BRDA:105,6,1,0
BRDA:106,7,0,0
BRDA:106,7,1,0
BRDA:111,8,0,0
BRDA:111,8,1,0
BRDA:113,9,0,0
BRDA:113,9,1,0
BRDA:113,10,0,0
BRDA:113,10,1,0
BRDA:133,11,0,0
BRDA:157,12,0,0
BRDA:162,13,0,0
BRDA:170,14,0,0
BRDA:170,14,1,0
BRDA:178,15,0,0
BRDA:178,15,1,0
BRDA:197,16,0,0
BRDA:197,16,1,0
BRDA:216,17,0,0
BRF:30
BRH:0
end_of_record
TN:
SF:lib/ui/kpi-dashboard-ui.ts
FN:14,setupKPIDashboardUI
FN:36,createKPIDashboardContainer
FN:83,setupKPIDashboardEventListeners
FN:87,(anonymous_3)
FN:92,(anonymous_4)
FN:100,renderKPIDashboard
FN:109,renderOverallStatus
FN:138,renderKPISummary
FN:141,(anonymous_8)
FN:154,renderKPICategories
FN:159,(anonymous_10)
FN:163,(anonymous_11)
FN:165,(anonymous_12)
FN:166,(anonymous_13)
FN:174,(anonymous_14)
FN:190,renderKPIMetricCard
FN:215,formatKPIValue
FN:233,formatKPIName
FN:236,(anonymous_18)
FN:242,getTrendIcon
FN:253,exportKPIData
FN:276,showKPINotification
FN:282,(anonymous_22)
FN:288,generateDemoKPIData
FN:303,(anonymous_24)
FNF:25
FNH:0
FNDA:0,setupKPIDashboardUI
FNDA:0,createKPIDashboardContainer
FNDA:0,setupKPIDashboardEventListeners
FNDA:0,(anonymous_3)
FNDA:0,(anonymous_4)
FNDA:0,renderKPIDashboard
FNDA:0,renderOverallStatus
FNDA:0,renderKPISummary
FNDA:0,(anonymous_8)
FNDA:0,renderKPICategories
FNDA:0,(anonymous_10)
FNDA:0,(anonymous_11)
FNDA:0,(anonymous_12)
FNDA:0,(anonymous_13)
FNDA:0,(anonymous_14)
FNDA:0,renderKPIMetricCard
FNDA:0,formatKPIValue
FNDA:0,formatKPIName
FNDA:0,(anonymous_18)
FNDA:0,getTrendIcon
FNDA:0,exportKPIData
FNDA:0,showKPINotification
FNDA:0,(anonymous_22)
FNDA:0,generateDemoKPIData
FNDA:0,(anonymous_24)
DA:15,0
DA:18,0
DA:19,0
DA:20,0
DA:24,0
DA:27,0
DA:30,0
DA:37,0
DA:38,0
DA:39,0
DA:75,0
DA:77,0
DA:84,0
DA:85,0
DA:87,0
DA:88,0
DA:89,0
DA:92,0
DA:93,0
DA:101,0
DA:102,0
DA:103,0
DA:110,0
DA:111,0
DA:113,0
DA:114,0
DA:115,0
DA:117,0
DA:119,0
DA:122,0
DA:128,0
DA:131,0
DA:139,0
DA:141,0
DA:142,0
DA:143,0
DA:146,0
DA:147,0
DA:148,0
DA:155,0
DA:156,0
DA:158,0
DA:159,0
DA:161,0
DA:163,0
DA:164,0
DA:165,0
DA:166,0
DA:168,0
DA:170,0
DA:174,0
DA:180,0
DA:191,0
DA:192,0
DA:193,0
DA:195,0
DA:196,0
DA:198,0
DA:216,0
DA:218,0
DA:220,0
DA:222,0
DA:224,0
DA:226,0
DA:234,0
DA:236,0
DA:243,0
DA:244,0
DA:245,0
DA:246,0
DA:254,0
DA:261,0
DA:262,0
DA:264,0
DA:265,0
DA:266,0
DA:267,0
DA:269,0
DA:270,0
DA:277,0
DA:278,0
DA:279,0
DA:280,0
DA:282,0
DA:289,0
DA:303,0
DA:304,0
LF:87
LH:0
BRDA:19,0,0,0
BRDA:19,1,0,0
BRDA:19,1,1,0
BRDA:111,2,0,0
BRDA:117,3,0,0
BRDA:117,4,0,0
BRDA:117,4,1,0
BRDA:143,5,0,0
BRDA:156,6,0,0
BRDA:168,7,0,0
BRDA:180,8,0,0
BRDA:180,8,1,0
BRDA:192,9,0,0
BRDA:192,9,1,0
BRDA:193,10,0,0
BRDA:193,10,1,0
BRDA:216,11,0,0
BRDA:216,11,1,0
BRDA:216,11,2,0
BRDA:216,11,3,0
BRDA:216,11,4,0
BRDA:220,12,0,0
BRDA:220,12,1,0
BRDA:243,13,0,0
BRDA:243,13,1,0
BRDA:243,13,2,0
BRDA:276,14,0,0
BRF:27
BRH:0
end_of_record
TN:
SF:lib/ui/money-veil-card.ts
FN:10,setupMoneyVeilCard
FN:19,(anonymous_1)
FN:32,createMoneyVeilCard
FN:68,updateMoneyVeilData
FN:106,showDigestModal
FN:121,(anonymous_5)
FN:135,(anonymous_6)
FN:146,(anonymous_7)
FN:147,(anonymous_8)
FN:152,showError
FN:158,(anonymous_10)
FNF:11
FNH:0
FNDA:0,setupMoneyVeilCard
FNDA:0,(anonymous_1)
FNDA:0,createMoneyVeilCard
FNDA:0,updateMoneyVeilData
FNDA:0,showDigestModal
FNDA:0,(anonymous_5)
FNDA:0,(anonymous_6)
FNDA:0,(anonymous_7)
FNDA:0,(anonymous_8)
FNDA:0,showError
FNDA:0,(anonymous_10)
DA:12,0
DA:13,0
DA:14,0
DA:15,0
DA:18,0
DA:19,0
DA:20,0
DA:21,0
DA:26,0
DA:29,0
DA:33,0
DA:34,0
DA:35,0
DA:62,0
DA:63,0
DA:65,0
DA:69,0
DA:71,0
DA:74,0
DA:77,0
DA:79,0
DA:82,0
DA:83,0
DA:84,0
DA:85,0
DA:87,0
DA:88,0
DA:89,0
DA:90,0
DA:91,0
DA:94,0
DA:95,0
DA:96,0
DA:97,0
DA:98,0
DA:101,0
DA:102,0
DA:107,0
DA:108,0
DA:109,0
DA:121,0
DA:135,0
DA:142,0
DA:145,0
DA:146,0
DA:147,0
DA:148,0
DA:153,0
DA:154,0
DA:155,0
DA:156,0
DA:158,0
LF:52
LH:0
BRDA:13,0,0,0
BRDA:13,1,0,0
BRDA:13,1,1,0
BRDA:72,2,0,0
BRDA:72,2,1,0
BRDA:75,3,0,0
BRDA:75,3,1,0
BRDA:87,4,0,0
BRDA:90,5,0,0
BRDA:90,5,1,0
BRDA:91,6,0,0
BRDA:91,6,1,0
BRDA:94,7,0,0
BRDA:95,8,0,0
BRDA:96,9,0,0
BRDA:98,10,0,0
BRDA:98,10,1,0
BRDA:127,11,0,0
BRDA:127,11,1,0
BRDA:128,12,0,0
BRDA:128,12,1,0
BRDA:148,13,0,0
BRF:22
BRH:0
end_of_record
TN:
SF:lib/ui/ruler-switcher.ts
FN:8,setupRulerSwitcher
FN:10,(anonymous_1)
FN:20,(anonymous_2)
FN:29,(anonymous_3)
FN:40,(anonymous_4)
FN:44,(anonymous_5)
FN:62,(anonymous_6)
FN:69,(anonymous_7)
FN:70,(anonymous_8)
FN:71,(anonymous_9)
FN:92,addRulerSwitcherTo
FN:94,(anonymous_11)
FN:104,(anonymous_12)
FNF:13
FNH:0
FNDA:0,setupRulerSwitcher
FNDA:0,(anonymous_1)
FNDA:0,(anonymous_2)
FNDA:0,(anonymous_3)
FNDA:0,(anonymous_4)
FNDA:0,(anonymous_5)
FNDA:0,(anonymous_6)
FNDA:0,(anonymous_7)
FNDA:0,(anonymous_8)
FNDA:0,(anonymous_9)
FNDA:0,addRulerSwitcherTo
FNDA:0,(anonymous_11)
FNDA:0,(anonymous_12)
DA:10,0
DA:11,0
DA:12,0
DA:14,0
DA:20,0
DA:29,0
DA:34,0
DA:37,0
DA:38,0
DA:40,0
DA:41,0
DA:42,0
DA:44,0
DA:45,0
DA:46,0
DA:50,0
DA:55,0
DA:62,0
DA:63,0
DA:64,0
DA:69,0
DA:70,0
DA:71,0
DA:72,0
DA:73,0
DA:74,0
DA:79,0
DA:86,0
DA:93,0
DA:94,0
DA:95,0
DA:96,0
DA:98,0
DA:104,0
DA:115,0
DA:118,0
LF:36
LH:0
BRDA:12,0,0,0
BRDA:12,0,1,0
BRDA:21,1,0,0
BRDA:21,1,1,0
BRDA:22,2,0,0
BRDA:22,2,1,0
BRDA:29,3,0,0
BRDA:29,3,1,0
BRDA:45,4,0,0
BRDA:45,5,0,0
BRDA:45,5,1,0
BRDA:63,6,0,0
BRDA:72,7,0,0
BRDA:74,8,0,0
BRDA:75,9,0,0
BRDA:75,9,1,0
BRDA:75,9,2,0
BRDA:93,10,0,0
BRDA:96,11,0,0
BRDA:96,11,1,0
BRDA:105,12,0,0
BRDA:105,12,1,0
BRDA:106,13,0,0
BRDA:106,13,1,0
BRF:24
BRH:0
end_of_record
TN:
SF:lib/ui/smart-contracts.ts
FN:17,setupSmartContractUI
FN:25,(anonymous_1)
FN:45,addContractButtons
FN:59,(anonymous_3)
FN:68,createContractButton
FN:73,(anonymous_5)
FN:80,showContractCreationModal
FN:105,(anonymous_7)
FN:158,(anonymous_8)
FN:171,(anonymous_9)
FN:190,(anonymous_10)
FN:191,(anonymous_11)
FN:194,(anonymous_12)
FN:199,showContractModal
FN:235,(anonymous_14)
FN:239,(anonymous_15)
FN:249,(anonymous_16)
FN:257,(anonymous_17)
FN:258,(anonymous_18)
FN:263,showNotification
FN:269,(anonymous_20)
FN:272,addContractManagementPanel
FN:293,(anonymous_22)
FN:310,refreshContractList
FN:321,(anonymous_24)
FN:345,(anonymous_25)
FN:346,(anonymous_26)
FN:355,(anonymous_27)
FN:356,(anonymous_28)
FN:359,(anonymous_29)
FN:373,(anonymous_30)
FN:374,(anonymous_31)
FNF:32
FNH:0
FNDA:0,setupSmartContractUI
FNDA:0,(anonymous_1)
FNDA:0,addContractButtons
FNDA:0,(anonymous_3)
FNDA:0,createContractButton
FNDA:0,(anonymous_5)
FNDA:0,showContractCreationModal
FNDA:0,(anonymous_7)
FNDA:0,(anonymous_8)
FNDA:0,(anonymous_9)
FNDA:0,(anonymous_10)
FNDA:0,(anonymous_11)
FNDA:0,(anonymous_12)
FNDA:0,showContractModal
FNDA:0,(anonymous_14)
FNDA:0,(anonymous_15)
FNDA:0,(anonymous_16)
FNDA:0,(anonymous_17)
FNDA:0,(anonymous_18)
FNDA:0,showNotification
FNDA:0,(anonymous_20)
FNDA:0,addContractManagementPanel
FNDA:0,(anonymous_22)
FNDA:0,refreshContractList
FNDA:0,(anonymous_24)
FNDA:0,(anonymous_25)
FNDA:0,(anonymous_26)
FNDA:0,(anonymous_27)
FNDA:0,(anonymous_28)
FNDA:0,(anonymous_29)
FNDA:0,(anonymous_30)
FNDA:0,(anonymous_31)
DA:19,0
DA:22,0
DA:25,0
DA:26,0
DA:28,0
DA:29,0
DA:32,0
DA:34,0
DA:37,0
DA:39,0
DA:40,0
DA:47,0
DA:48,0
DA:49,0
DA:50,0
DA:54,0
DA:59,0
DA:60,0
DA:61,0
DA:62,0
DA:63,0
DA:69,0
DA:70,0
DA:71,0
DA:73,0
DA:74,0
DA:77,0
DA:81,0
DA:82,0
DA:83,0
DA:105,0
DA:154,0
DA:157,0
DA:158,0
DA:159,0
DA:161,0
DA:162,0
DA:170,0
DA:171,0
DA:173,0
DA:175,0
DA:176,0
DA:177,0
DA:178,0
DA:179,0
DA:181,0
DA:182,0
DA:187,0
DA:188,0
DA:190,0
DA:191,0
DA:194,0
DA:195,0
DA:200,0
DA:201,0
DA:202,0
DA:228,0
DA:231,0
DA:232,0
DA:233,0
DA:235,0
DA:236,0
DA:239,0
DA:240,0
DA:241,0
DA:242,0
DA:243,0
DA:244,0
DA:245,0
DA:246,0
DA:249,0
DA:250,0
DA:251,0
DA:252,0
DA:256,0
DA:257,0
DA:258,0
DA:259,0
DA:264,0
DA:265,0
DA:266,0
DA:267,0
DA:269,0
DA:274,0
DA:276,0
DA:277,0
DA:278,0
DA:279,0
DA:289,0
DA:292,0
DA:293,0
DA:294,0
DA:295,0
DA:296,0
DA:297,0
DA:298,0
DA:299,0
DA:301,0
DA:302,0
DA:303,0
DA:311,0
DA:312,0
DA:314,0
DA:316,0
DA:317,0
DA:318,0
DA:321,0
DA:342,0
DA:345,0
DA:346,0
DA:347,0
DA:348,0
DA:349,0
DA:350,0
DA:355,0
DA:356,0
DA:357,0
DA:358,0
DA:359,0
DA:360,0
DA:362,0
DA:367,0
DA:373,0
DA:374,0
DA:375,0
DA:376,0
DA:377,0
DA:378,0
DA:379,0
DA:381,0
LF:130
LH:0
BRDA:48,0,0,0
BRDA:48,1,0,0
BRDA:48,1,1,0
BRDA:61,2,0,0
BRDA:61,3,0,0
BRDA:61,3,1,0
BRDA:94,4,0,0
BRDA:94,4,1,0
BRDA:95,5,0,0
BRDA:95,5,1,0
BRDA:96,6,0,0
BRDA:96,6,1,0
BRDA:164,7,0,0
BRDA:164,7,1,0
BRDA:165,8,0,0
BRDA:165,8,1,0
BRDA:167,9,0,0
BRDA:167,9,1,0
BRDA:195,10,0,0
BRDA:259,11,0,0
BRDA:263,12,0,0
BRDA:274,13,0,0
BRDA:274,13,1,0
BRDA:276,14,0,0
BRDA:276,15,0,0
BRDA:276,15,1,0
BRDA:295,16,0,0
BRDA:297,17,0,0
BRDA:297,17,1,0
BRDA:312,18,0,0
BRDA:316,19,0,0
BRDA:325,20,0,0
BRDA:325,20,1,0
BRDA:325,21,0,0
BRDA:325,21,1,0
BRDA:332,22,0,0
BRDA:332,22,1,0
BRDA:335,23,0,0
BRDA:335,23,1,0
BRDA:337,24,0,0
BRDA:337,24,1,0
BRDA:348,25,0,0
BRDA:348,26,0,0
BRDA:348,26,1,0
BRDA:358,27,0,0
BRDA:360,28,0,0
BRDA:376,29,0,0
BRDA:376,30,0,0
BRDA:376,30,1,0
BRDA:377,31,0,0
BRDA:377,31,1,0
BRF:51
BRH:0
end_of_record
TN:
SF:lib/ui/storm-mode.ts
FN:14,setupStormModeUI
FN:31,(anonymous_1)
FN:37,(anonymous_2)
FN:43,createStormModeContainer
FN:121,setupStormModeEventHandlers
FN:129,(anonymous_5)
FN:133,(anonymous_6)
FN:138,(anonymous_7)
FN:176,(anonymous_8)
FN:192,(anonymous_9)
FN:203,loadStormProfiles
FN:218,(anonymous_11)
FN:234,(anonymous_12)
FN:236,(anonymous_13)
FN:254,(anonymous_14)
FN:255,(anonymous_15)
FN:259,(anonymous_16)
FN:271,(anonymous_17)
FN:272,(anonymous_18)
FN:277,(anonymous_19)
FN:293,updateStormModeDisplay
FN:323,getProfileName
FN:325,(anonymous_22)
FN:329,showStormActivationNotification
FN:334,showStormDeactivationNotification
FN:338,showNotification
FN:344,(anonymous_26)
FNF:27
FNH:0
FNDA:0,setupStormModeUI
FNDA:0,(anonymous_1)
FNDA:0,(anonymous_2)
FNDA:0,createStormModeContainer
FNDA:0,setupStormModeEventHandlers
FNDA:0,(anonymous_5)
FNDA:0,(anonymous_6)
FNDA:0,(anonymous_7)
FNDA:0,(anonymous_8)
FNDA:0,(anonymous_9)
FNDA:0,loadStormProfiles
FNDA:0,(anonymous_11)
FNDA:0,(anonymous_12)
FNDA:0,(anonymous_13)
FNDA:0,(anonymous_14)
FNDA:0,(anonymous_15)
FNDA:0,(anonymous_16)
FNDA:0,(anonymous_17)
FNDA:0,(anonymous_18)
FNDA:0,(anonymous_19)
FNDA:0,updateStormModeDisplay
FNDA:0,getProfileName
FNDA:0,(anonymous_22)
FNDA:0,showStormActivationNotification
FNDA:0,showStormDeactivationNotification
FNDA:0,showNotification
FNDA:0,(anonymous_26)
DA:16,0
DA:19,0
DA:20,0
DA:21,0
DA:25,0
DA:28,0
DA:31,0
DA:32,0
DA:33,0
DA:34,0
DA:37,0
DA:38,0
DA:39,0
DA:44,0
DA:45,0
DA:46,0
DA:118,0
DA:122,0
DA:123,0
DA:124,0
DA:125,0
DA:126,0
DA:127,0
DA:129,0
DA:130,0
DA:133,0
DA:134,0
DA:135,0
DA:138,0
DA:139,0
DA:141,0
DA:142,0
DA:143,0
DA:145,0
DA:151,0
DA:152,0
DA:166,0
DA:167,0
DA:168,0
DA:169,0
DA:171,0
DA:172,0
DA:176,0
DA:177,0
DA:178,0
DA:179,0
DA:180,0
DA:181,0
DA:182,0
DA:183,0
DA:185,0
DA:186,0
DA:192,0
DA:193,0
DA:194,0
DA:195,0
DA:197,0
DA:198,0
DA:204,0
DA:205,0
DA:207,0
DA:208,0
DA:209,0
DA:210,0
DA:212,0
DA:213,0
DA:214,0
DA:217,0
DA:219,0
DA:220,0
DA:234,0
DA:236,0
DA:251,0
DA:254,0
DA:255,0
DA:256,0
DA:257,0
DA:259,0
DA:261,0
DA:264,0
DA:265,0
DA:271,0
DA:272,0
DA:273,0
DA:274,0
DA:275,0
DA:276,0
DA:277,0
DA:278,0
DA:279,0
DA:280,0
DA:282,0
DA:288,0
DA:289,0
DA:294,0
DA:295,0
DA:296,0
DA:298,0
DA:299,0
DA:301,0
DA:302,0
DA:303,0
DA:305,0
DA:306,0
DA:307,0
DA:308,0
DA:310,0
DA:311,0
DA:313,0
DA:314,0
DA:315,0
DA:317,0
DA:318,0
DA:324,0
DA:325,0
DA:326,0
DA:330,0
DA:331,0
DA:335,0
DA:339,0
DA:340,0
DA:341,0
DA:342,0
DA:344,0
LF:124
LH:0
BRDA:20,0,0,0
BRDA:20,1,0,0
BRDA:20,1,1,0
BRDA:146,2,0,0
BRDA:146,2,1,0
BRDA:147,3,0,0
BRDA:147,3,1,0
BRDA:148,4,0,0
BRDA:148,4,1,0
BRDA:178,5,0,0
BRDA:180,6,0,0
BRDA:205,7,0,0
BRDA:212,8,0,0
BRDA:219,9,0,0
BRDA:219,9,1,0
BRDA:221,10,0,0
BRDA:221,10,1,0
BRDA:225,11,0,0
BRDA:225,11,1,0
BRDA:236,12,0,0
BRDA:236,12,1,0
BRDA:241,13,0,0
BRDA:241,13,1,0
BRDA:242,14,0,0
BRDA:242,14,1,0
BRDA:257,15,0,0
BRDA:265,16,0,0
BRDA:274,17,0,0
BRDA:274,18,0,0
BRDA:274,18,1,0
BRDA:301,19,0,0
BRDA:305,20,0,0
BRDA:305,20,1,0
BRDA:305,21,0,0
BRDA:305,21,1,0
BRDA:308,22,0,0
BRDA:310,23,0,0
BRDA:311,24,0,0
BRDA:315,25,0,0
BRDA:317,26,0,0
BRDA:318,27,0,0
BRDA:326,28,0,0
BRDA:326,28,1,0
BRDA:338,29,0,0
BRF:44
BRH:0
end_of_record
TN:
SF:lib/ui/plugins/host.ts
FN:10,mountUI
FN:15,switchUI
FN:30,(anonymous_2)
FN:31,(anonymous_3)
FN:32,(anonymous_4)
FN:37,(anonymous_5)
FNF:6
FNH:0
FNDA:0,mountUI
FNDA:0,switchUI
FNDA:0,(anonymous_2)
FNDA:0,(anonymous_3)
FNDA:0,(anonymous_4)
FNDA:0,(anonymous_5)
DA:8,0
DA:11,0
DA:12,0
DA:16,0
DA:17,0
DA:18,0
DA:21,0
DA:22,0
DA:23,0
DA:25,0
DA:30,0
DA:31,0
DA:32,0
DA:35,0
DA:37,0
LF:15
LH:0
BRDA:11,0,0,0
BRDA:11,0,1,0
BRDA:16,1,0,0
BRDA:22,2,0,0
BRF:4
BRH:0
end_of_record
TN:
SF:lib/ui/plugins/m0-satnav.plugin.ts
FN:16,(anonymous_0)
FN:71,(anonymous_1)
FN:77,(anonymous_2)
FN:89,(anonymous_3)
FN:108,(anonymous_4)
FN:123,(anonymous_5)
FN:133,(anonymous_6)
FN:141,(anonymous_7)
FN:160,(anonymous_8)
FN:167,(anonymous_9)
FNF:10
FNH:0
FNDA:0,(anonymous_0)
FNDA:0,(anonymous_1)
FNDA:0,(anonymous_2)
FNDA:0,(anonymous_3)
FNDA:0,(anonymous_4)
FNDA:0,(anonymous_5)
FNDA:0,(anonymous_6)
FNDA:0,(anonymous_7)
FNDA:0,(anonymous_8)
FNDA:0,(anonymous_9)
DA:7,0
DA:18,0
DA:19,0
DA:20,0
DA:21,0
DA:22,0
DA:25,0
DA:70,0
DA:71,0
DA:72,0
DA:73,0
DA:74,0
DA:75,0
DA:76,0
DA:77,0
DA:78,0
DA:79,0
DA:82,0
DA:83,0
DA:84,0
DA:89,0
DA:90,0
DA:91,0
DA:97,0
DA:98,0
DA:99,0
DA:100,0
DA:102,0
DA:103,0
DA:108,0
DA:109,0
DA:110,0
DA:111,0
DA:113,0
DA:114,0
DA:115,0
DA:118,0
DA:119,0
DA:121,0
DA:122,0
DA:123,0
DA:124,0
DA:125,0
DA:127,0
DA:128,0
DA:129,0
DA:130,0
DA:133,0
DA:134,0
DA:135,0
DA:136,0
DA:137,0
DA:138,0
DA:139,0
DA:140,0
DA:141,0
DA:143,0
DA:144,0
DA:148,0
DA:149,0
DA:150,0
DA:154,0
DA:155,0
DA:159,0
DA:161,0
DA:162,0
DA:164,0
DA:169,0
LF:68
LH:0
BRDA:19,0,0,0
BRDA:19,0,1,0
BRDA:20,1,0,0
BRDA:20,1,1,0
BRDA:76,2,0,0
BRDA:76,2,1,0
BRDA:97,3,0,0
BRDA:97,3,1,0
BRDA:98,4,0,0
BRDA:98,4,1,0
BRDA:100,5,0,0
BRDA:100,5,1,0
BRDA:113,6,0,0
BRDA:135,7,0,0
BRDA:135,7,1,0
BRDA:161,8,0,0
BRDA:161,8,1,0
BRF:17
BRH:0
end_of_record
TN:
SF:lib/ui/plugins/mission-deck.plugin.ts
FN:14,(anonymous_0)
FN:48,(anonymous_1)
FN:55,(anonymous_2)
FN:67,(anonymous_3)
FN:99,(anonymous_4)
FN:100,(anonymous_5)
FN:108,(anonymous_6)
FN:121,(anonymous_7)
FN:122,(anonymous_8)
FN:143,missionCard
FN:159,why
FN:173,(anonymous_11)
FN:174,(anonymous_12)
FNF:13
FNH:0
FNDA:0,(anonymous_0)
FNDA:0,(anonymous_1)
FNDA:0,(anonymous_2)
FNDA:0,(anonymous_3)
FNDA:0,(anonymous_4)
FNDA:0,(anonymous_5)
FNDA:0,(anonymous_6)
FNDA:0,(anonymous_7)
FNDA:0,(anonymous_8)
FNDA:0,missionCard
FNDA:0,why
FNDA:0,(anonymous_11)
FNDA:0,(anonymous_12)
DA:5,0
DA:15,0
DA:16,0
DA:17,0
DA:18,0
DA:20,0
DA:47,0
DA:48,0
DA:49,0
DA:50,0
DA:52,0
DA:53,0
DA:54,0
DA:55,0
DA:56,0
DA:57,0
DA:60,0
DA:61,0
DA:62,0
DA:67,0
DA:68,0
DA:69,0
DA:75,0
DA:77,0
DA:99,0
DA:100,0
DA:101,0
DA:102,0
DA:103,0
DA:105,0
DA:106,0
DA:107,0
DA:108,0
DA:109,0
DA:110,0
DA:113,0
DA:114,0
DA:115,0
DA:121,0
DA:122,0
DA:123,0
DA:124,0
DA:125,0
DA:127,0
DA:132,0
DA:133,0
DA:134,0
DA:144,0
DA:160,0
DA:162,0
DA:164,0
DA:166,0
DA:168,0
DA:172,0
DA:173,0
DA:174,0
LF:56
LH:0
BRDA:15,0,0,0
BRDA:15,0,1,0
BRDA:54,1,0,0
BRDA:54,1,1,0
BRDA:80,2,0,0
BRDA:80,2,1,0
BRDA:92,3,0,0
BRDA:92,3,1,0
BRDA:124,4,0,0
BRDA:124,4,1,0
BRDA:150,5,0,0
BRDA:150,5,1,0
BRDA:151,6,0,0
BRDA:151,6,1,0
BRDA:160,7,0,0
BRDA:160,7,1,0
BRDA:160,7,2,0
BRDA:160,7,3,0
BRF:18
BRH:0
end_of_record
TN:
SF:lib/ui/plugins/registry.ts
FN:7,registerUIPlugin
FN:11,listUIPlugins
FN:12,(anonymous_2)
FN:15,getUIPlugin
FN:19,getActiveUIPluginId
FN:23,setActiveUIPluginId
FN:28,getAllUIPlugins
FNF:7
FNH:5
FNDA:17,registerUIPlugin
FNDA:0,listUIPlugins
FNDA:0,(anonymous_2)
FNDA:6,getUIPlugin
FNDA:4,getActiveUIPluginId
FNDA:4,setActiveUIPluginId
FNDA:13,getAllUIPlugins
DA:4,1
DA:5,1
DA:7,1
DA:8,17
DA:11,1
DA:12,0
DA:15,1
DA:16,6
DA:19,1
DA:20,4
DA:23,1
DA:24,4
DA:25,4
DA:28,1
DA:29,13
LF:15
LH:14
BRDA:16,0,0,6
BRDA:16,0,1,1
BRDA:20,1,0,4
BRDA:20,1,1,0
BRDA:20,1,2,0
BRF:5
BRH:3
end_of_record
TN:
SF:lib/ui/plugins/rooms-chores.plugin.ts
FN:14,(anonymous_0)
FN:48,(anonymous_1)
FN:55,(anonymous_2)
FN:67,(anonymous_3)
FN:89,(anonymous_4)
FN:98,(anonymous_5)
FN:101,(anonymous_6)
FN:116,(anonymous_7)
FN:117,(anonymous_8)
FNF:9
FNH:0
FNDA:0,(anonymous_0)
FNDA:0,(anonymous_1)
FNDA:0,(anonymous_2)
FNDA:0,(anonymous_3)
FNDA:0,(anonymous_4)
FNDA:0,(anonymous_5)
FNDA:0,(anonymous_6)
FNDA:0,(anonymous_7)
FNDA:0,(anonymous_8)
DA:5,0
DA:15,0
DA:16,0
DA:17,0
DA:18,0
DA:20,0
DA:47,0
DA:48,0
DA:49,0
DA:50,0
DA:52,0
DA:53,0
DA:54,0
DA:55,0
DA:56,0
DA:57,0
DA:60,0
DA:61,0
DA:62,0
DA:67,0
DA:68,0
DA:69,0
DA:75,0
DA:76,0
DA:77,0
DA:79,0
DA:80,0
DA:82,0
DA:83,0
DA:85,0
DA:86,0
DA:88,0
DA:89,0
DA:90,0
DA:91,0
DA:92,0
DA:98,0
DA:99,0
DA:100,0
DA:101,0
DA:102,0
DA:103,0
DA:105,0
DA:111,0
DA:112,0
DA:113,0
DA:115,0
DA:116,0
DA:117,0
LF:49
LH:0
BRDA:15,0,0,0
BRDA:15,0,1,0
BRDA:54,1,0,0
BRDA:54,1,1,0
BRDA:79,2,0,0
BRDA:79,2,1,0
BRDA:80,3,0,0
BRDA:80,3,1,0
BRDA:83,4,0,0
BRDA:83,4,1,0
BRDA:85,5,0,0
BRDA:85,5,1,0
BRDA:86,6,0,0
BRDA:86,6,1,0
BRDA:100,7,0,0
BRDA:102,8,0,0
BRDA:102,8,1,0
BRF:17
BRH:0
end_of_record
TN:
SF:lib/ui/plugins/routes-lights.plugin.ts
FN:15,(anonymous_0)
FN:51,(anonymous_1)
FN:57,(anonymous_2)
FN:69,(anonymous_3)
FN:96,(anonymous_4)
FN:112,(anonymous_5)
FN:133,(anonymous_6)
FN:134,(anonymous_7)
FNF:8
FNH:0
FNDA:0,(anonymous_0)
FNDA:0,(anonymous_1)
FNDA:0,(anonymous_2)
FNDA:0,(anonymous_3)
FNDA:0,(anonymous_4)
FNDA:0,(anonymous_5)
FNDA:0,(anonymous_6)
FNDA:0,(anonymous_7)
DA:6,0
DA:16,0
DA:17,0
DA:18,0
DA:19,0
DA:21,0
DA:50,0
DA:51,0
DA:52,0
DA:53,0
DA:54,0
DA:55,0
DA:56,0
DA:57,0
DA:58,0
DA:59,0
DA:62,0
DA:63,0
DA:64,0
DA:69,0
DA:70,0
DA:71,0
DA:77,0
DA:78,0
DA:80,0
DA:84,0
DA:87,0
DA:90,0
DA:91,0
DA:96,0
DA:97,0
DA:98,0
DA:99,0
DA:101,0
DA:102,0
DA:103,0
DA:106,0
DA:111,0
DA:112,0
DA:113,0
DA:114,0
DA:116,0
DA:117,0
DA:118,0
DA:119,0
DA:121,0
DA:122,0
DA:123,0
DA:127,0
DA:128,0
DA:132,0
DA:133,0
DA:134,0
LF:53
LH:0
BRDA:16,0,0,0
BRDA:16,0,1,0
BRDA:77,1,0,0
BRDA:77,1,1,0
BRDA:81,2,0,0
BRDA:81,2,1,0
BRDA:85,3,0,0
BRDA:85,3,1,0
BRDA:88,4,0,0
BRDA:88,4,1,0
BRDA:88,5,0,0
BRDA:88,5,1,0
BRDA:101,6,0,0
BRF:13
BRH:0
end_of_record
